[debug] [2022-02-05T10:01:49.783Z] ----------------------------------------------------------------------
[debug] [2022-02-05T10:01:49.786Z] Command:       /usr/bin/node /usr/bin/firebase emulators:start
[debug] [2022-02-05T10:01:49.786Z] CLI Version:   10.1.4
[debug] [2022-02-05T10:01:49.786Z] Platform:      linux
[debug] [2022-02-05T10:01:49.787Z] Node Version:  v16.13.2
[debug] [2022-02-05T10:01:49.787Z] Time:          Sat Feb 05 2022 18:01:49 GMT+0800 (Taipei Standard Time)
[debug] [2022-02-05T10:01:49.787Z] ----------------------------------------------------------------------
[debug] 
[debug] [2022-02-05T10:01:49.878Z] > command requires scopes: ["email","openid","https://www.googleapis.com/auth/cloudplatformprojects.readonly","https://www.googleapis.com/auth/firebase","https://www.googleapis.com/auth/cloud-platform"]
[debug] [2022-02-05T10:01:49.878Z] > authorizing via signed-in user (yeh.mentos@gmail.com)
[info] i  emulators: Starting emulators: functions, hosting {"metadata":{"emulator":{"name":"hub"},"message":"Starting emulators: functions, hosting"}}
[warn] ⚠  emulators: It seems that you are running multiple instances of the emulator suite for project challenge-21061. This may result in unexpected behavior. 
[debug] [2022-02-05T10:01:49.934Z] [hub] writing locator at /tmp/hub-challenge-21061.json
[warn] ⚠  functions: The following emulators are not running, calls to these services from the Functions emulator will affect production: auth, firestore, database, pubsub, storage {"metadata":{"emulator":{"name":"functions"},"message":"The following emulators are not running, calls to these services from the Functions emulator will affect production: \u001b[1mauth, firestore, database, pubsub, storage\u001b[22m"}}
[warn] ⚠  Your requested "node" version "8" doesn't match your global version "16". Using node@16 from host. {"metadata":{"emulator":{"name":"functions"},"message":"Your requested \"node\" version \"8\" doesn't match your global version \"16\". Using node@16 from host."}}
[debug] [2022-02-05T10:01:50.000Z] defaultcredentials: writing to file /home/yehs1225/.config/firebase/yeh_mentos_gmail.com_application_default_credentials.json
[debug] [2022-02-05T10:01:50.022Z] Setting GAC to /home/yehs1225/.config/firebase/yeh_mentos_gmail.com_application_default_credentials.json {"metadata":{"emulator":{"name":"functions"},"message":"Setting GAC to /home/yehs1225/.config/firebase/yeh_mentos_gmail.com_application_default_credentials.json"}}
[debug] [2022-02-05T10:01:50.025Z] > refreshing access token with scopes: []
[debug] [2022-02-05T10:01:50.026Z] >>> HTTP REQUEST POST https://www.googleapis.com/oauth2/v3/token  
 <request body omitted>
[debug] [2022-02-05T10:01:50.167Z] <<< HTTP RESPONSE 200 {"cache-control":"no-cache, no-store, max-age=0, must-revalidate","expires":"Mon, 01 Jan 1990 00:00:00 GMT","pragma":"no-cache","date":"Sat, 05 Feb 2022 10:01:50 GMT","content-type":"application/json; charset=utf-8","vary":"X-Origin, Referer, Origin,Accept-Encoding","server":"scaffolding on HTTPServer2","x-xss-protection":"0","x-frame-options":"SAMEORIGIN","x-content-type-options":"nosniff","alt-svc":"h3=\":443\"; ma=2592000,h3-29=\":443\"; ma=2592000,h3-Q050=\":443\"; ma=2592000,h3-Q046=\":443\"; ma=2592000,h3-Q043=\":443\"; ma=2592000,quic=\":443\"; ma=2592000; v=\"46,43\"","accept-ranges":"none","transfer-encoding":"chunked"}
[debug] [2022-02-05T10:01:50.181Z] >>> [apiv2][query] GET https://firebase.googleapis.com/v1beta1/projects/challenge-21061/adminSdkConfig [none]
[debug] [2022-02-05T10:01:50.533Z] <<< [apiv2][status] GET https://firebase.googleapis.com/v1beta1/projects/challenge-21061/adminSdkConfig 200
[debug] [2022-02-05T10:01:50.534Z] <<< [apiv2][body] GET https://firebase.googleapis.com/v1beta1/projects/challenge-21061/adminSdkConfig {"projectId":"challenge-21061","storageBucket":"challenge-21061.appspot.com"}
[debug] [2022-02-05T10:01:50.543Z] >>> [apiv2][query] GET https://firebasehosting.googleapis.com/v1beta1/projects/challenge-21061/sites 
[debug] [2022-02-05T10:01:51.647Z] <<< [apiv2][status] GET https://firebasehosting.googleapis.com/v1beta1/projects/challenge-21061/sites 200
[debug] [2022-02-05T10:01:51.648Z] <<< [apiv2][body] GET https://firebasehosting.googleapis.com/v1beta1/projects/challenge-21061/sites {"sites":[{"name":"projects/433107107443/sites/challenge-21061","defaultUrl":"https://challenge-21061.web.app","appId":"1:433107107443:web:bc9f93fea587bbb13a3406","type":"DEFAULT_SITE"}]}
[debug] [2022-02-05T10:01:51.648Z] >>> [apiv2][query] GET https://firebase.googleapis.com/v1beta1/projects/challenge-21061/webApps/1:433107107443:web:bc9f93fea587bbb13a3406/config [none]
[debug] [2022-02-05T10:01:52.815Z] <<< [apiv2][status] GET https://firebase.googleapis.com/v1beta1/projects/challenge-21061/webApps/1:433107107443:web:bc9f93fea587bbb13a3406/config 200
[debug] [2022-02-05T10:01:52.816Z] <<< [apiv2][body] GET https://firebase.googleapis.com/v1beta1/projects/challenge-21061/webApps/1:433107107443:web:bc9f93fea587bbb13a3406/config {"projectId":"challenge-21061","appId":"1:433107107443:web:bc9f93fea587bbb13a3406","storageBucket":"challenge-21061.appspot.com","apiKey":"AIzaSyBorbavd3_oAFrCDfvZy9SlYoa39PhQ8o4","authDomain":"challenge-21061.firebaseapp.com","messagingSenderId":"433107107443","measurementId":"G-6SN0K12JDF"}
[info] i  hosting: Serving hosting files from: build {"metadata":{"emulator":{"name":"hosting"},"message":"Serving hosting files from: \u001b[1mbuild\u001b[22m"}}
[info] ✔  hosting: Local server: http://localhost:5000 {"metadata":{"emulator":{"name":"hosting"},"message":"Local server: \u001b[4m\u001b[1mhttp://localhost:5000\u001b[22m\u001b[24m"}}
[debug] [2022-02-05T10:01:52.842Z] Ignoring unsupported arg: auto_download {"metadata":{"emulator":{"name":"ui"},"message":"Ignoring unsupported arg: auto_download"}}
[debug] [2022-02-05T10:01:52.842Z] Ignoring unsupported arg: port {"metadata":{"emulator":{"name":"ui"},"message":"Ignoring unsupported arg: port"}}
[debug] [2022-02-05T10:01:52.842Z] Starting Emulator UI with command {"binary":"node","args":["/home/yehs1225/.cache/firebase/emulators/ui-v1.6.4/server.bundle.js"],"optionalArgs":[],"joinArgs":false} {"metadata":{"emulator":{"name":"ui"},"message":"Starting Emulator UI with command {\"binary\":\"node\",\"args\":[\"/home/yehs1225/.cache/firebase/emulators/ui-v1.6.4/server.bundle.js\"],\"optionalArgs\":[],\"joinArgs\":false}"}}
[info] i  ui: Emulator UI logging to ui-debug.log {"metadata":{"emulator":{"name":"ui"},"message":"Emulator UI logging to \u001b[1mui-debug.log\u001b[22m"}}
[debug] [2022-02-05T10:01:53.002Z] Web / API server started at localhost:4000
 {"metadata":{"emulator":{"name":"ui"},"message":"Web / API server started at localhost:4000\n"}}
[info] i  functions: Watching "/home/yehs1225/ecommerce-full-stack/amazon-clone/functions" for Cloud Functions... {"metadata":{"emulator":{"name":"functions"},"message":"Watching \"/home/yehs1225/ecommerce-full-stack/amazon-clone/functions\" for Cloud Functions..."}}
[debug] [2022-02-05T10:01:53.134Z] [worker-pool] addWorker(~diagnostic~) {"metadata":{"emulator":{"name":"functions"},"message":"[worker-pool] addWorker(~diagnostic~)"}}
[debug] [2022-02-05T10:01:53.134Z] [worker-pool] Adding worker with key ~diagnostic~, total=1 {"metadata":{"emulator":{"name":"functions"},"message":"[worker-pool] Adding worker with key ~diagnostic~, total=1"}}
[debug] [2022-02-05T10:01:53.134Z] [worker-pool] submitWork(triggerId=) {"metadata":{"emulator":{"name":"functions"},"message":"[worker-pool] submitWork(triggerId=)"}}
[debug] [2022-02-05T10:01:53.136Z] [worker-~diagnostic~-77a31b1a-683a-43cb-a0fb-c2f72c5c3f14]: Assigning socketPath: /tmp/fire_emu_29417.sock {"metadata":{"emulator":{"name":"functions"},"message":"[worker-~diagnostic~-77a31b1a-683a-43cb-a0fb-c2f72c5c3f14]: Assigning socketPath: /tmp/fire_emu_29417.sock"}}
[debug] [2022-02-05T10:01:53.138Z] [worker-~diagnostic~-77a31b1a-683a-43cb-a0fb-c2f72c5c3f14]: BUSY {"metadata":{"emulator":{"name":"functions"},"message":"[worker-~diagnostic~-77a31b1a-683a-43cb-a0fb-c2f72c5c3f14]: BUSY"}}
[debug] [2022-02-05T10:01:53.316Z] [runtime-status] [29417] Functions runtime initialized. {"cwd":"/home/yehs1225/ecommerce-full-stack/amazon-clone/functions","node_version":"16.13.2"} {"metadata":{"emulator":{"name":"functions"},"message":"[runtime-status] [29417] Functions runtime initialized. {\"cwd\":\"/home/yehs1225/ecommerce-full-stack/amazon-clone/functions\",\"node_version\":\"16.13.2\"}"}}
[debug] [2022-02-05T10:01:53.318Z] [runtime-status] [29417] Disabled runtime features: undefined {"metadata":{"emulator":{"name":"functions"},"message":"[runtime-status] [29417] Disabled runtime features: undefined"}}
[debug] [2022-02-05T10:01:53.319Z] [runtime-status] [29417] Resolved module firebase-admin {"declared":true,"installed":true,"version":"9.12.0","resolution":"/home/yehs1225/ecommerce-full-stack/amazon-clone/functions/node_modules/firebase-admin/lib/index.js"} {"metadata":{"emulator":{"name":"functions"},"message":"[runtime-status] [29417] Resolved module firebase-admin {\"declared\":true,\"installed\":true,\"version\":\"9.12.0\",\"resolution\":\"/home/yehs1225/ecommerce-full-stack/amazon-clone/functions/node_modules/firebase-admin/lib/index.js\"}"}}
[debug] [2022-02-05T10:01:53.322Z] [runtime-status] [29417] Resolved module firebase-functions {"declared":true,"installed":true,"version":"3.17.1","resolution":"/home/yehs1225/ecommerce-full-stack/amazon-clone/functions/node_modules/firebase-functions/lib/index.js"} {"metadata":{"emulator":{"name":"functions"},"message":"[runtime-status] [29417] Resolved module firebase-functions {\"declared\":true,\"installed\":true,\"version\":\"3.17.1\",\"resolution\":\"/home/yehs1225/ecommerce-full-stack/amazon-clone/functions/node_modules/firebase-functions/lib/index.js\"}"}}
[debug] [2022-02-05T10:01:53.324Z] [runtime-status] [29417] Outgoing network have been stubbed. [{"name":"http","status":"mocked"},{"name":"http","status":"mocked"},{"name":"https","status":"mocked"},{"name":"https","status":"mocked"},{"name":"net","status":"mocked"}] {"metadata":{"emulator":{"name":"functions"},"message":"[runtime-status] [29417] Outgoing network have been stubbed. [{\"name\":\"http\",\"status\":\"mocked\"},{\"name\":\"http\",\"status\":\"mocked\"},{\"name\":\"https\",\"status\":\"mocked\"},{\"name\":\"https\",\"status\":\"mocked\"},{\"name\":\"net\",\"status\":\"mocked\"}]"}}
[debug] [2022-02-05T10:01:53.325Z] [runtime-status] [29417] Resolved module firebase-functions {"declared":true,"installed":true,"version":"3.17.1","resolution":"/home/yehs1225/ecommerce-full-stack/amazon-clone/functions/node_modules/firebase-functions/lib/index.js"} {"metadata":{"emulator":{"name":"functions"},"message":"[runtime-status] [29417] Resolved module firebase-functions {\"declared\":true,\"installed\":true,\"version\":\"3.17.1\",\"resolution\":\"/home/yehs1225/ecommerce-full-stack/amazon-clone/functions/node_modules/firebase-functions/lib/index.js\"}"}}
[debug] [2022-02-05T10:01:53.373Z] [runtime-status] [29417] Checked functions.config() {"config":{}} {"metadata":{"emulator":{"name":"functions"},"message":"[runtime-status] [29417] Checked functions.config() {\"config\":{}}"}}
[debug] [2022-02-05T10:01:53.374Z] [runtime-status] [29417] firebase-functions has been stubbed. {"functionsResolution":{"declared":true,"installed":true,"version":"3.17.1","resolution":"/home/yehs1225/ecommerce-full-stack/amazon-clone/functions/node_modules/firebase-functions/lib/index.js"}} {"metadata":{"emulator":{"name":"functions"},"message":"[runtime-status] [29417] firebase-functions has been stubbed. {\"functionsResolution\":{\"declared\":true,\"installed\":true,\"version\":\"3.17.1\",\"resolution\":\"/home/yehs1225/ecommerce-full-stack/amazon-clone/functions/node_modules/firebase-functions/lib/index.js\"}}"}}
[debug] [2022-02-05T10:01:53.375Z] [runtime-status] [29417] Resolved module firebase-functions {"declared":true,"installed":true,"version":"3.17.1","resolution":"/home/yehs1225/ecommerce-full-stack/amazon-clone/functions/node_modules/firebase-functions/lib/index.js"} {"metadata":{"emulator":{"name":"functions"},"message":"[runtime-status] [29417] Resolved module firebase-functions {\"declared\":true,\"installed\":true,\"version\":\"3.17.1\",\"resolution\":\"/home/yehs1225/ecommerce-full-stack/amazon-clone/functions/node_modules/firebase-functions/lib/index.js\"}"}}
[debug] [2022-02-05T10:01:53.381Z] [runtime-status] [29417] Resolved module firebase-admin {"declared":true,"installed":true,"version":"9.12.0","resolution":"/home/yehs1225/ecommerce-full-stack/amazon-clone/functions/node_modules/firebase-admin/lib/index.js"} {"metadata":{"emulator":{"name":"functions"},"message":"[runtime-status] [29417] Resolved module firebase-admin {\"declared\":true,\"installed\":true,\"version\":\"9.12.0\",\"resolution\":\"/home/yehs1225/ecommerce-full-stack/amazon-clone/functions/node_modules/firebase-admin/lib/index.js\"}"}}
[debug] [2022-02-05T10:01:53.382Z] [runtime-status] [29417] Resolved module firebase-functions {"declared":true,"installed":true,"version":"3.17.1","resolution":"/home/yehs1225/ecommerce-full-stack/amazon-clone/functions/node_modules/firebase-functions/lib/index.js"} {"metadata":{"emulator":{"name":"functions"},"message":"[runtime-status] [29417] Resolved module firebase-functions {\"declared\":true,\"installed\":true,\"version\":\"3.17.1\",\"resolution\":\"/home/yehs1225/ecommerce-full-stack/amazon-clone/functions/node_modules/firebase-functions/lib/index.js\"}"}}
[debug] [2022-02-05T10:01:53.383Z] [runtime-status] [29417] firebase-admin has been stubbed. {"adminResolution":{"declared":true,"installed":true,"version":"9.12.0","resolution":"/home/yehs1225/ecommerce-full-stack/amazon-clone/functions/node_modules/firebase-admin/lib/index.js"}} {"metadata":{"emulator":{"name":"functions"},"message":"[runtime-status] [29417] firebase-admin has been stubbed. {\"adminResolution\":{\"declared\":true,\"installed\":true,\"version\":\"9.12.0\",\"resolution\":\"/home/yehs1225/ecommerce-full-stack/amazon-clone/functions/node_modules/firebase-admin/lib/index.js\"}}"}}
[warn] ⚠  Error: Cannot find module 'stripe'
Require stack:
- /home/yehs1225/ecommerce-full-stack/amazon-clone/functions/index.js
- /usr/lib/node_modules/firebase-tools/lib/emulator/functionsEmulatorRuntime.js
    at Function.Module._resolveFilename (node:internal/modules/cjs/loader:933:15)
    at Function.Module._load (node:internal/modules/cjs/loader:778:27)
    at Module.require (node:internal/modules/cjs/loader:1005:19)
    at require (node:internal/modules/cjs/helpers:102:18)
    at Object.<anonymous> (/home/yehs1225/ecommerce-full-stack/amazon-clone/functions/index.js:5:16)
    at Module._compile (node:internal/modules/cjs/loader:1101:14)
    at Object.Module._extensions..js (node:internal/modules/cjs/loader:1153:10)
    at Module.load (node:internal/modules/cjs/loader:981:32)
    at Function.Module._load (node:internal/modules/cjs/loader:822:12)
    at Module.require (node:internal/modules/cjs/loader:1005:19) {"metadata":{"emulator":{"name":"functions"},"message":"Error: Cannot find module 'stripe'\nRequire stack:\n- /home/yehs1225/ecommerce-full-stack/amazon-clone/functions/index.js\n- /usr/lib/node_modules/firebase-tools/lib/emulator/functionsEmulatorRuntime.js\n    at Function.Module._resolveFilename (node:internal/modules/cjs/loader:933:15)\n    at Function.Module._load (node:internal/modules/cjs/loader:778:27)\n    at Module.require (node:internal/modules/cjs/loader:1005:19)\n    at require (node:internal/modules/cjs/helpers:102:18)\n    at Object.<anonymous> (/home/yehs1225/ecommerce-full-stack/amazon-clone/functions/index.js:5:16)\n    at Module._compile (node:internal/modules/cjs/loader:1101:14)\n    at Object.Module._extensions..js (node:internal/modules/cjs/loader:1153:10)\n    at Module.load (node:internal/modules/cjs/loader:981:32)\n    at Function.Module._load (node:internal/modules/cjs/loader:822:12)\n    at Module.require (node:internal/modules/cjs/loader:1005:19)"}}
[warn] ⚠  We were unable to load your functions code. (see above) {"metadata":{"emulator":{"name":"functions"}}}
[debug] [2022-02-05T10:01:53.479Z] [worker-~diagnostic~-77a31b1a-683a-43cb-a0fb-c2f72c5c3f14]: exited {"metadata":{"emulator":{"name":"functions"},"message":"[worker-~diagnostic~-77a31b1a-683a-43cb-a0fb-c2f72c5c3f14]: exited"}}
[debug] [2022-02-05T10:01:53.480Z] [worker-~diagnostic~-77a31b1a-683a-43cb-a0fb-c2f72c5c3f14]: FINISHED {"metadata":{"emulator":{"name":"functions"},"message":"[worker-~diagnostic~-77a31b1a-683a-43cb-a0fb-c2f72c5c3f14]: FINISHED"}}
[info] i  hosting: 127.0.0.1 - - [05/Feb/2022:10:02:20 +0000] "GET / HTTP/1.1" 200 644 "-" "Mozilla/5.0 (X11; Ubuntu; Linux x86_64; rv:96.0) Gecko/20100101 Firefox/96.0" {"metadata":{"emulator":{"name":"hosting"},"message":"127.0.0.1 - - [05/Feb/2022:10:02:20 +0000] \"GET / HTTP/1.1\" 200 644 \"-\" \"Mozilla/5.0 (X11; Ubuntu; Linux x86_64; rv:96.0) Gecko/20100101 Firefox/96.0\""}}
[info] i  hosting: 127.0.0.1 - - [05/Feb/2022:10:02:20 +0000] "GET /static/js/main.129b8e42.js HTTP/1.1" 200 449423 "http://localhost:5000/" "Mozilla/5.0 (X11; Ubuntu; Linux x86_64; rv:96.0) Gecko/20100101 Firefox/96.0" {"metadata":{"emulator":{"name":"hosting"},"message":"127.0.0.1 - - [05/Feb/2022:10:02:20 +0000] \"GET /static/js/main.129b8e42.js HTTP/1.1\" 200 449423 \"http://localhost:5000/\" \"Mozilla/5.0 (X11; Ubuntu; Linux x86_64; rv:96.0) Gecko/20100101 Firefox/96.0\""}}
[info] i  hosting: 127.0.0.1 - - [05/Feb/2022:10:02:20 +0000] "GET /static/css/main.239f70a0.css HTTP/1.1" 200 3933 "http://localhost:5000/" "Mozilla/5.0 (X11; Ubuntu; Linux x86_64; rv:96.0) Gecko/20100101 Firefox/96.0" {"metadata":{"emulator":{"name":"hosting"},"message":"127.0.0.1 - - [05/Feb/2022:10:02:20 +0000] \"GET /static/css/main.239f70a0.css HTTP/1.1\" 200 3933 \"http://localhost:5000/\" \"Mozilla/5.0 (X11; Ubuntu; Linux x86_64; rv:96.0) Gecko/20100101 Firefox/96.0\""}}
[info] i  hosting: 127.0.0.1 - - [05/Feb/2022:10:02:21 +0000] "GET /logo192.png HTTP/1.1" 200 5347 "http://localhost:5000/" "Mozilla/5.0 (X11; Ubuntu; Linux x86_64; rv:96.0) Gecko/20100101 Firefox/96.0" {"metadata":{"emulator":{"name":"hosting"},"message":"127.0.0.1 - - [05/Feb/2022:10:02:21 +0000] \"GET /logo192.png HTTP/1.1\" 200 5347 \"http://localhost:5000/\" \"Mozilla/5.0 (X11; Ubuntu; Linux x86_64; rv:96.0) Gecko/20100101 Firefox/96.0\""}}
[info] i  hosting: 127.0.0.1 - - [05/Feb/2022:10:02:21 +0000] "GET /favicon.ico HTTP/1.1" 200 3870 "http://localhost:5000/" "Mozilla/5.0 (X11; Ubuntu; Linux x86_64; rv:96.0) Gecko/20100101 Firefox/96.0" {"metadata":{"emulator":{"name":"hosting"},"message":"127.0.0.1 - - [05/Feb/2022:10:02:21 +0000] \"GET /favicon.ico HTTP/1.1\" 200 3870 \"http://localhost:5000/\" \"Mozilla/5.0 (X11; Ubuntu; Linux x86_64; rv:96.0) Gecko/20100101 Firefox/96.0\""}}
[debug] [2022-02-05T10:02:42.541Z] File /home/yehs1225/ecommerce-full-stack/amazon-clone/functions/index.js changed, reloading triggers {"metadata":{"emulator":{"name":"functions"},"message":"File /home/yehs1225/ecommerce-full-stack/amazon-clone/functions/index.js changed, reloading triggers"}}
[debug] [2022-02-05T10:02:43.542Z] [worker-pool] Cleaned up workers for ~diagnostic~: 1 --> 0 {"metadata":{"emulator":{"name":"functions"},"message":"[worker-pool] Cleaned up workers for ~diagnostic~: 1 --> 0"}}
[debug] [2022-02-05T10:02:43.553Z] [worker-pool] addWorker(~diagnostic~) {"metadata":{"emulator":{"name":"functions"},"message":"[worker-pool] addWorker(~diagnostic~)"}}
[debug] [2022-02-05T10:02:43.554Z] [worker-pool] Adding worker with key ~diagnostic~, total=1 {"metadata":{"emulator":{"name":"functions"},"message":"[worker-pool] Adding worker with key ~diagnostic~, total=1"}}
[debug] [2022-02-05T10:02:43.554Z] [worker-pool] submitWork(triggerId=) {"metadata":{"emulator":{"name":"functions"},"message":"[worker-pool] submitWork(triggerId=)"}}
[debug] [2022-02-05T10:02:43.555Z] [worker-~diagnostic~-bed76b99-809d-46fe-beb1-67d9d397fcd1]: Assigning socketPath: /tmp/fire_emu_29547.sock {"metadata":{"emulator":{"name":"functions"},"message":"[worker-~diagnostic~-bed76b99-809d-46fe-beb1-67d9d397fcd1]: Assigning socketPath: /tmp/fire_emu_29547.sock"}}
[debug] [2022-02-05T10:02:43.555Z] [worker-~diagnostic~-bed76b99-809d-46fe-beb1-67d9d397fcd1]: BUSY {"metadata":{"emulator":{"name":"functions"},"message":"[worker-~diagnostic~-bed76b99-809d-46fe-beb1-67d9d397fcd1]: BUSY"}}
[debug] [2022-02-05T10:02:43.767Z] [runtime-status] [29547] Functions runtime initialized. {"cwd":"/home/yehs1225/ecommerce-full-stack/amazon-clone/functions","node_version":"16.13.2"} {"metadata":{"emulator":{"name":"functions"},"message":"[runtime-status] [29547] Functions runtime initialized. {\"cwd\":\"/home/yehs1225/ecommerce-full-stack/amazon-clone/functions\",\"node_version\":\"16.13.2\"}"}}
[debug] [2022-02-05T10:02:43.771Z] [runtime-status] [29547] Disabled runtime features: undefined {"metadata":{"emulator":{"name":"functions"},"message":"[runtime-status] [29547] Disabled runtime features: undefined"}}
[debug] [2022-02-05T10:02:43.779Z] [runtime-status] [29547] Resolved module firebase-admin {"declared":true,"installed":true,"version":"9.12.0","resolution":"/home/yehs1225/ecommerce-full-stack/amazon-clone/functions/node_modules/firebase-admin/lib/index.js"} {"metadata":{"emulator":{"name":"functions"},"message":"[runtime-status] [29547] Resolved module firebase-admin {\"declared\":true,\"installed\":true,\"version\":\"9.12.0\",\"resolution\":\"/home/yehs1225/ecommerce-full-stack/amazon-clone/functions/node_modules/firebase-admin/lib/index.js\"}"}}
[debug] [2022-02-05T10:02:43.784Z] [runtime-status] [29547] Resolved module firebase-functions {"declared":true,"installed":true,"version":"3.17.1","resolution":"/home/yehs1225/ecommerce-full-stack/amazon-clone/functions/node_modules/firebase-functions/lib/index.js"} {"metadata":{"emulator":{"name":"functions"},"message":"[runtime-status] [29547] Resolved module firebase-functions {\"declared\":true,\"installed\":true,\"version\":\"3.17.1\",\"resolution\":\"/home/yehs1225/ecommerce-full-stack/amazon-clone/functions/node_modules/firebase-functions/lib/index.js\"}"}}
[debug] [2022-02-05T10:02:43.786Z] [runtime-status] [29547] Outgoing network have been stubbed. [{"name":"http","status":"mocked"},{"name":"http","status":"mocked"},{"name":"https","status":"mocked"},{"name":"https","status":"mocked"},{"name":"net","status":"mocked"}] {"metadata":{"emulator":{"name":"functions"},"message":"[runtime-status] [29547] Outgoing network have been stubbed. [{\"name\":\"http\",\"status\":\"mocked\"},{\"name\":\"http\",\"status\":\"mocked\"},{\"name\":\"https\",\"status\":\"mocked\"},{\"name\":\"https\",\"status\":\"mocked\"},{\"name\":\"net\",\"status\":\"mocked\"}]"}}
[debug] [2022-02-05T10:02:43.788Z] [runtime-status] [29547] Resolved module firebase-functions {"declared":true,"installed":true,"version":"3.17.1","resolution":"/home/yehs1225/ecommerce-full-stack/amazon-clone/functions/node_modules/firebase-functions/lib/index.js"} {"metadata":{"emulator":{"name":"functions"},"message":"[runtime-status] [29547] Resolved module firebase-functions {\"declared\":true,\"installed\":true,\"version\":\"3.17.1\",\"resolution\":\"/home/yehs1225/ecommerce-full-stack/amazon-clone/functions/node_modules/firebase-functions/lib/index.js\"}"}}
[debug] [2022-02-05T10:02:43.849Z] [runtime-status] [29547] Checked functions.config() {"config":{}} {"metadata":{"emulator":{"name":"functions"},"message":"[runtime-status] [29547] Checked functions.config() {\"config\":{}}"}}
[debug] [2022-02-05T10:02:43.849Z] [runtime-status] [29547] firebase-functions has been stubbed. {"functionsResolution":{"declared":true,"installed":true,"version":"3.17.1","resolution":"/home/yehs1225/ecommerce-full-stack/amazon-clone/functions/node_modules/firebase-functions/lib/index.js"}} {"metadata":{"emulator":{"name":"functions"},"message":"[runtime-status] [29547] firebase-functions has been stubbed. {\"functionsResolution\":{\"declared\":true,\"installed\":true,\"version\":\"3.17.1\",\"resolution\":\"/home/yehs1225/ecommerce-full-stack/amazon-clone/functions/node_modules/firebase-functions/lib/index.js\"}}"}}
[debug] [2022-02-05T10:02:43.851Z] [runtime-status] [29547] Resolved module firebase-functions {"declared":true,"installed":true,"version":"3.17.1","resolution":"/home/yehs1225/ecommerce-full-stack/amazon-clone/functions/node_modules/firebase-functions/lib/index.js"} {"metadata":{"emulator":{"name":"functions"},"message":"[runtime-status] [29547] Resolved module firebase-functions {\"declared\":true,\"installed\":true,\"version\":\"3.17.1\",\"resolution\":\"/home/yehs1225/ecommerce-full-stack/amazon-clone/functions/node_modules/firebase-functions/lib/index.js\"}"}}
[debug] [2022-02-05T10:02:43.854Z] [runtime-status] [29547] Resolved module firebase-admin {"declared":true,"installed":true,"version":"9.12.0","resolution":"/home/yehs1225/ecommerce-full-stack/amazon-clone/functions/node_modules/firebase-admin/lib/index.js"} {"metadata":{"emulator":{"name":"functions"},"message":"[runtime-status] [29547] Resolved module firebase-admin {\"declared\":true,\"installed\":true,\"version\":\"9.12.0\",\"resolution\":\"/home/yehs1225/ecommerce-full-stack/amazon-clone/functions/node_modules/firebase-admin/lib/index.js\"}"}}
[debug] [2022-02-05T10:02:43.857Z] [runtime-status] [29547] Resolved module firebase-functions {"declared":true,"installed":true,"version":"3.17.1","resolution":"/home/yehs1225/ecommerce-full-stack/amazon-clone/functions/node_modules/firebase-functions/lib/index.js"} {"metadata":{"emulator":{"name":"functions"},"message":"[runtime-status] [29547] Resolved module firebase-functions {\"declared\":true,\"installed\":true,\"version\":\"3.17.1\",\"resolution\":\"/home/yehs1225/ecommerce-full-stack/amazon-clone/functions/node_modules/firebase-functions/lib/index.js\"}"}}
[debug] [2022-02-05T10:02:43.858Z] [runtime-status] [29547] firebase-admin has been stubbed. {"adminResolution":{"declared":true,"installed":true,"version":"9.12.0","resolution":"/home/yehs1225/ecommerce-full-stack/amazon-clone/functions/node_modules/firebase-admin/lib/index.js"}} {"metadata":{"emulator":{"name":"functions"},"message":"[runtime-status] [29547] firebase-admin has been stubbed. {\"adminResolution\":{\"declared\":true,\"installed\":true,\"version\":\"9.12.0\",\"resolution\":\"/home/yehs1225/ecommerce-full-stack/amazon-clone/functions/node_modules/firebase-admin/lib/index.js\"}}"}}
[warn] ⚠  Error: Cannot find module 'stripe'
Require stack:
- /home/yehs1225/ecommerce-full-stack/amazon-clone/functions/index.js
- /usr/lib/node_modules/firebase-tools/lib/emulator/functionsEmulatorRuntime.js
    at Function.Module._resolveFilename (node:internal/modules/cjs/loader:933:15)
    at Function.Module._load (node:internal/modules/cjs/loader:778:27)
    at Module.require (node:internal/modules/cjs/loader:1005:19)
    at require (node:internal/modules/cjs/helpers:102:18)
    at Object.<anonymous> (/home/yehs1225/ecommerce-full-stack/amazon-clone/functions/index.js:5:16)
    at Module._compile (node:internal/modules/cjs/loader:1101:14)
    at Object.Module._extensions..js (node:internal/modules/cjs/loader:1153:10)
    at Module.load (node:internal/modules/cjs/loader:981:32)
    at Function.Module._load (node:internal/modules/cjs/loader:822:12)
    at Module.require (node:internal/modules/cjs/loader:1005:19) {"metadata":{"emulator":{"name":"functions"},"message":"Error: Cannot find module 'stripe'\nRequire stack:\n- /home/yehs1225/ecommerce-full-stack/amazon-clone/functions/index.js\n- /usr/lib/node_modules/firebase-tools/lib/emulator/functionsEmulatorRuntime.js\n    at Function.Module._resolveFilename (node:internal/modules/cjs/loader:933:15)\n    at Function.Module._load (node:internal/modules/cjs/loader:778:27)\n    at Module.require (node:internal/modules/cjs/loader:1005:19)\n    at require (node:internal/modules/cjs/helpers:102:18)\n    at Object.<anonymous> (/home/yehs1225/ecommerce-full-stack/amazon-clone/functions/index.js:5:16)\n    at Module._compile (node:internal/modules/cjs/loader:1101:14)\n    at Object.Module._extensions..js (node:internal/modules/cjs/loader:1153:10)\n    at Module.load (node:internal/modules/cjs/loader:981:32)\n    at Function.Module._load (node:internal/modules/cjs/loader:822:12)\n    at Module.require (node:internal/modules/cjs/loader:1005:19)"}}
[warn] ⚠  We were unable to load your functions code. (see above) {"metadata":{"emulator":{"name":"functions"}}}
[debug] [2022-02-05T10:02:43.978Z] [worker-~diagnostic~-bed76b99-809d-46fe-beb1-67d9d397fcd1]: exited {"metadata":{"emulator":{"name":"functions"},"message":"[worker-~diagnostic~-bed76b99-809d-46fe-beb1-67d9d397fcd1]: exited"}}
[debug] [2022-02-05T10:02:43.978Z] [worker-~diagnostic~-bed76b99-809d-46fe-beb1-67d9d397fcd1]: FINISHED {"metadata":{"emulator":{"name":"functions"},"message":"[worker-~diagnostic~-bed76b99-809d-46fe-beb1-67d9d397fcd1]: FINISHED"}}
[debug] [2022-02-05T10:03:15.815Z] File /home/yehs1225/ecommerce-full-stack/amazon-clone/functions/index.js changed, reloading triggers {"metadata":{"emulator":{"name":"functions"},"message":"File /home/yehs1225/ecommerce-full-stack/amazon-clone/functions/index.js changed, reloading triggers"}}
[debug] [2022-02-05T10:03:16.817Z] [worker-pool] Cleaned up workers for ~diagnostic~: 1 --> 0 {"metadata":{"emulator":{"name":"functions"},"message":"[worker-pool] Cleaned up workers for ~diagnostic~: 1 --> 0"}}
[debug] [2022-02-05T10:03:16.826Z] [worker-pool] addWorker(~diagnostic~) {"metadata":{"emulator":{"name":"functions"},"message":"[worker-pool] addWorker(~diagnostic~)"}}
[debug] [2022-02-05T10:03:16.827Z] [worker-pool] Adding worker with key ~diagnostic~, total=1 {"metadata":{"emulator":{"name":"functions"},"message":"[worker-pool] Adding worker with key ~diagnostic~, total=1"}}
[debug] [2022-02-05T10:03:16.827Z] [worker-pool] submitWork(triggerId=) {"metadata":{"emulator":{"name":"functions"},"message":"[worker-pool] submitWork(triggerId=)"}}
[debug] [2022-02-05T10:03:16.827Z] [worker-~diagnostic~-b40848de-19b7-42b3-bbf4-c18099a6cb6b]: Assigning socketPath: /tmp/fire_emu_29596.sock {"metadata":{"emulator":{"name":"functions"},"message":"[worker-~diagnostic~-b40848de-19b7-42b3-bbf4-c18099a6cb6b]: Assigning socketPath: /tmp/fire_emu_29596.sock"}}
[debug] [2022-02-05T10:03:16.827Z] [worker-~diagnostic~-b40848de-19b7-42b3-bbf4-c18099a6cb6b]: BUSY {"metadata":{"emulator":{"name":"functions"},"message":"[worker-~diagnostic~-b40848de-19b7-42b3-bbf4-c18099a6cb6b]: BUSY"}}
[debug] [2022-02-05T10:03:17.046Z] [runtime-status] [29596] Functions runtime initialized. {"cwd":"/home/yehs1225/ecommerce-full-stack/amazon-clone/functions","node_version":"16.13.2"} {"metadata":{"emulator":{"name":"functions"},"message":"[runtime-status] [29596] Functions runtime initialized. {\"cwd\":\"/home/yehs1225/ecommerce-full-stack/amazon-clone/functions\",\"node_version\":\"16.13.2\"}"}}
[debug] [2022-02-05T10:03:17.048Z] [runtime-status] [29596] Disabled runtime features: undefined {"metadata":{"emulator":{"name":"functions"},"message":"[runtime-status] [29596] Disabled runtime features: undefined"}}
[debug] [2022-02-05T10:03:17.050Z] [runtime-status] [29596] Resolved module firebase-admin {"declared":true,"installed":true,"version":"9.12.0","resolution":"/home/yehs1225/ecommerce-full-stack/amazon-clone/functions/node_modules/firebase-admin/lib/index.js"} {"metadata":{"emulator":{"name":"functions"},"message":"[runtime-status] [29596] Resolved module firebase-admin {\"declared\":true,\"installed\":true,\"version\":\"9.12.0\",\"resolution\":\"/home/yehs1225/ecommerce-full-stack/amazon-clone/functions/node_modules/firebase-admin/lib/index.js\"}"}}
[debug] [2022-02-05T10:03:17.054Z] [runtime-status] [29596] Resolved module firebase-functions {"declared":true,"installed":true,"version":"3.17.1","resolution":"/home/yehs1225/ecommerce-full-stack/amazon-clone/functions/node_modules/firebase-functions/lib/index.js"} {"metadata":{"emulator":{"name":"functions"},"message":"[runtime-status] [29596] Resolved module firebase-functions {\"declared\":true,\"installed\":true,\"version\":\"3.17.1\",\"resolution\":\"/home/yehs1225/ecommerce-full-stack/amazon-clone/functions/node_modules/firebase-functions/lib/index.js\"}"}}
[debug] [2022-02-05T10:03:17.057Z] [runtime-status] [29596] Outgoing network have been stubbed. [{"name":"http","status":"mocked"},{"name":"http","status":"mocked"},{"name":"https","status":"mocked"},{"name":"https","status":"mocked"},{"name":"net","status":"mocked"}] {"metadata":{"emulator":{"name":"functions"},"message":"[runtime-status] [29596] Outgoing network have been stubbed. [{\"name\":\"http\",\"status\":\"mocked\"},{\"name\":\"http\",\"status\":\"mocked\"},{\"name\":\"https\",\"status\":\"mocked\"},{\"name\":\"https\",\"status\":\"mocked\"},{\"name\":\"net\",\"status\":\"mocked\"}]"}}
[debug] [2022-02-05T10:03:17.058Z] [runtime-status] [29596] Resolved module firebase-functions {"declared":true,"installed":true,"version":"3.17.1","resolution":"/home/yehs1225/ecommerce-full-stack/amazon-clone/functions/node_modules/firebase-functions/lib/index.js"} {"metadata":{"emulator":{"name":"functions"},"message":"[runtime-status] [29596] Resolved module firebase-functions {\"declared\":true,\"installed\":true,\"version\":\"3.17.1\",\"resolution\":\"/home/yehs1225/ecommerce-full-stack/amazon-clone/functions/node_modules/firebase-functions/lib/index.js\"}"}}
[debug] [2022-02-05T10:03:17.135Z] [runtime-status] [29596] Checked functions.config() {"config":{}} {"metadata":{"emulator":{"name":"functions"},"message":"[runtime-status] [29596] Checked functions.config() {\"config\":{}}"}}
[debug] [2022-02-05T10:03:17.136Z] [runtime-status] [29596] firebase-functions has been stubbed. {"functionsResolution":{"declared":true,"installed":true,"version":"3.17.1","resolution":"/home/yehs1225/ecommerce-full-stack/amazon-clone/functions/node_modules/firebase-functions/lib/index.js"}} {"metadata":{"emulator":{"name":"functions"},"message":"[runtime-status] [29596] firebase-functions has been stubbed. {\"functionsResolution\":{\"declared\":true,\"installed\":true,\"version\":\"3.17.1\",\"resolution\":\"/home/yehs1225/ecommerce-full-stack/amazon-clone/functions/node_modules/firebase-functions/lib/index.js\"}}"}}
[debug] [2022-02-05T10:03:17.143Z] [runtime-status] [29596] Resolved module firebase-functions {"declared":true,"installed":true,"version":"3.17.1","resolution":"/home/yehs1225/ecommerce-full-stack/amazon-clone/functions/node_modules/firebase-functions/lib/index.js"} {"metadata":{"emulator":{"name":"functions"},"message":"[runtime-status] [29596] Resolved module firebase-functions {\"declared\":true,\"installed\":true,\"version\":\"3.17.1\",\"resolution\":\"/home/yehs1225/ecommerce-full-stack/amazon-clone/functions/node_modules/firebase-functions/lib/index.js\"}"}}
[debug] [2022-02-05T10:03:17.145Z] [runtime-status] [29596] Resolved module firebase-admin {"declared":true,"installed":true,"version":"9.12.0","resolution":"/home/yehs1225/ecommerce-full-stack/amazon-clone/functions/node_modules/firebase-admin/lib/index.js"} {"metadata":{"emulator":{"name":"functions"},"message":"[runtime-status] [29596] Resolved module firebase-admin {\"declared\":true,\"installed\":true,\"version\":\"9.12.0\",\"resolution\":\"/home/yehs1225/ecommerce-full-stack/amazon-clone/functions/node_modules/firebase-admin/lib/index.js\"}"}}
[debug] [2022-02-05T10:03:17.146Z] [runtime-status] [29596] Resolved module firebase-functions {"declared":true,"installed":true,"version":"3.17.1","resolution":"/home/yehs1225/ecommerce-full-stack/amazon-clone/functions/node_modules/firebase-functions/lib/index.js"} {"metadata":{"emulator":{"name":"functions"},"message":"[runtime-status] [29596] Resolved module firebase-functions {\"declared\":true,\"installed\":true,\"version\":\"3.17.1\",\"resolution\":\"/home/yehs1225/ecommerce-full-stack/amazon-clone/functions/node_modules/firebase-functions/lib/index.js\"}"}}
[debug] [2022-02-05T10:03:17.146Z] [runtime-status] [29596] firebase-admin has been stubbed. {"adminResolution":{"declared":true,"installed":true,"version":"9.12.0","resolution":"/home/yehs1225/ecommerce-full-stack/amazon-clone/functions/node_modules/firebase-admin/lib/index.js"}} {"metadata":{"emulator":{"name":"functions"},"message":"[runtime-status] [29596] firebase-admin has been stubbed. {\"adminResolution\":{\"declared\":true,\"installed\":true,\"version\":\"9.12.0\",\"resolution\":\"/home/yehs1225/ecommerce-full-stack/amazon-clone/functions/node_modules/firebase-admin/lib/index.js\"}}"}}
[warn] ⚠  Error: Cannot find module 'stripe'
Require stack:
- /home/yehs1225/ecommerce-full-stack/amazon-clone/functions/index.js
- /usr/lib/node_modules/firebase-tools/lib/emulator/functionsEmulatorRuntime.js
    at Function.Module._resolveFilename (node:internal/modules/cjs/loader:933:15)
    at Function.Module._load (node:internal/modules/cjs/loader:778:27)
    at Module.require (node:internal/modules/cjs/loader:1005:19)
    at require (node:internal/modules/cjs/helpers:102:18)
    at Object.<anonymous> (/home/yehs1225/ecommerce-full-stack/amazon-clone/functions/index.js:5:16)
    at Module._compile (node:internal/modules/cjs/loader:1101:14)
    at Object.Module._extensions..js (node:internal/modules/cjs/loader:1153:10)
    at Module.load (node:internal/modules/cjs/loader:981:32)
    at Function.Module._load (node:internal/modules/cjs/loader:822:12)
    at Module.require (node:internal/modules/cjs/loader:1005:19) {"metadata":{"emulator":{"name":"functions"},"message":"Error: Cannot find module 'stripe'\nRequire stack:\n- /home/yehs1225/ecommerce-full-stack/amazon-clone/functions/index.js\n- /usr/lib/node_modules/firebase-tools/lib/emulator/functionsEmulatorRuntime.js\n    at Function.Module._resolveFilename (node:internal/modules/cjs/loader:933:15)\n    at Function.Module._load (node:internal/modules/cjs/loader:778:27)\n    at Module.require (node:internal/modules/cjs/loader:1005:19)\n    at require (node:internal/modules/cjs/helpers:102:18)\n    at Object.<anonymous> (/home/yehs1225/ecommerce-full-stack/amazon-clone/functions/index.js:5:16)\n    at Module._compile (node:internal/modules/cjs/loader:1101:14)\n    at Object.Module._extensions..js (node:internal/modules/cjs/loader:1153:10)\n    at Module.load (node:internal/modules/cjs/loader:981:32)\n    at Function.Module._load (node:internal/modules/cjs/loader:822:12)\n    at Module.require (node:internal/modules/cjs/loader:1005:19)"}}
[warn] ⚠  We were unable to load your functions code. (see above) {"metadata":{"emulator":{"name":"functions"}}}
[debug] [2022-02-05T10:03:17.259Z] [worker-~diagnostic~-b40848de-19b7-42b3-bbf4-c18099a6cb6b]: exited {"metadata":{"emulator":{"name":"functions"},"message":"[worker-~diagnostic~-b40848de-19b7-42b3-bbf4-c18099a6cb6b]: exited"}}
[debug] [2022-02-05T10:03:17.260Z] [worker-~diagnostic~-b40848de-19b7-42b3-bbf4-c18099a6cb6b]: FINISHED {"metadata":{"emulator":{"name":"functions"},"message":"[worker-~diagnostic~-b40848de-19b7-42b3-bbf4-c18099a6cb6b]: FINISHED"}}
[debug] [2022-02-05T10:03:27.203Z] File /home/yehs1225/ecommerce-full-stack/amazon-clone/functions/index.js changed, reloading triggers {"metadata":{"emulator":{"name":"functions"},"message":"File /home/yehs1225/ecommerce-full-stack/amazon-clone/functions/index.js changed, reloading triggers"}}
[debug] [2022-02-05T10:03:28.205Z] [worker-pool] Cleaned up workers for ~diagnostic~: 1 --> 0 {"metadata":{"emulator":{"name":"functions"},"message":"[worker-pool] Cleaned up workers for ~diagnostic~: 1 --> 0"}}
[debug] [2022-02-05T10:03:28.216Z] [worker-pool] addWorker(~diagnostic~) {"metadata":{"emulator":{"name":"functions"},"message":"[worker-pool] addWorker(~diagnostic~)"}}
[debug] [2022-02-05T10:03:28.216Z] [worker-pool] Adding worker with key ~diagnostic~, total=1 {"metadata":{"emulator":{"name":"functions"},"message":"[worker-pool] Adding worker with key ~diagnostic~, total=1"}}
[debug] [2022-02-05T10:03:28.217Z] [worker-pool] submitWork(triggerId=) {"metadata":{"emulator":{"name":"functions"},"message":"[worker-pool] submitWork(triggerId=)"}}
[debug] [2022-02-05T10:03:28.217Z] [worker-~diagnostic~-76843160-aef1-4581-890b-eb53077f913d]: Assigning socketPath: /tmp/fire_emu_29635.sock {"metadata":{"emulator":{"name":"functions"},"message":"[worker-~diagnostic~-76843160-aef1-4581-890b-eb53077f913d]: Assigning socketPath: /tmp/fire_emu_29635.sock"}}
[debug] [2022-02-05T10:03:28.217Z] [worker-~diagnostic~-76843160-aef1-4581-890b-eb53077f913d]: BUSY {"metadata":{"emulator":{"name":"functions"},"message":"[worker-~diagnostic~-76843160-aef1-4581-890b-eb53077f913d]: BUSY"}}
[debug] [2022-02-05T10:03:28.510Z] [runtime-status] [29635] Functions runtime initialized. {"cwd":"/home/yehs1225/ecommerce-full-stack/amazon-clone/functions","node_version":"16.13.2"} {"metadata":{"emulator":{"name":"functions"},"message":"[runtime-status] [29635] Functions runtime initialized. {\"cwd\":\"/home/yehs1225/ecommerce-full-stack/amazon-clone/functions\",\"node_version\":\"16.13.2\"}"}}
[debug] [2022-02-05T10:03:28.517Z] [runtime-status] [29635] Disabled runtime features: undefined {"metadata":{"emulator":{"name":"functions"},"message":"[runtime-status] [29635] Disabled runtime features: undefined"}}
[debug] [2022-02-05T10:03:28.519Z] [runtime-status] [29635] Resolved module firebase-admin {"declared":true,"installed":true,"version":"9.12.0","resolution":"/home/yehs1225/ecommerce-full-stack/amazon-clone/functions/node_modules/firebase-admin/lib/index.js"} {"metadata":{"emulator":{"name":"functions"},"message":"[runtime-status] [29635] Resolved module firebase-admin {\"declared\":true,\"installed\":true,\"version\":\"9.12.0\",\"resolution\":\"/home/yehs1225/ecommerce-full-stack/amazon-clone/functions/node_modules/firebase-admin/lib/index.js\"}"}}
[debug] [2022-02-05T10:03:28.524Z] [runtime-status] [29635] Resolved module firebase-functions {"declared":true,"installed":true,"version":"3.17.1","resolution":"/home/yehs1225/ecommerce-full-stack/amazon-clone/functions/node_modules/firebase-functions/lib/index.js"} {"metadata":{"emulator":{"name":"functions"},"message":"[runtime-status] [29635] Resolved module firebase-functions {\"declared\":true,\"installed\":true,\"version\":\"3.17.1\",\"resolution\":\"/home/yehs1225/ecommerce-full-stack/amazon-clone/functions/node_modules/firebase-functions/lib/index.js\"}"}}
[debug] [2022-02-05T10:03:28.532Z] [runtime-status] [29635] Outgoing network have been stubbed. [{"name":"http","status":"mocked"},{"name":"http","status":"mocked"},{"name":"https","status":"mocked"},{"name":"https","status":"mocked"},{"name":"net","status":"mocked"}] {"metadata":{"emulator":{"name":"functions"},"message":"[runtime-status] [29635] Outgoing network have been stubbed. [{\"name\":\"http\",\"status\":\"mocked\"},{\"name\":\"http\",\"status\":\"mocked\"},{\"name\":\"https\",\"status\":\"mocked\"},{\"name\":\"https\",\"status\":\"mocked\"},{\"name\":\"net\",\"status\":\"mocked\"}]"}}
[debug] [2022-02-05T10:03:28.532Z] [runtime-status] [29635] Resolved module firebase-functions {"declared":true,"installed":true,"version":"3.17.1","resolution":"/home/yehs1225/ecommerce-full-stack/amazon-clone/functions/node_modules/firebase-functions/lib/index.js"} {"metadata":{"emulator":{"name":"functions"},"message":"[runtime-status] [29635] Resolved module firebase-functions {\"declared\":true,\"installed\":true,\"version\":\"3.17.1\",\"resolution\":\"/home/yehs1225/ecommerce-full-stack/amazon-clone/functions/node_modules/firebase-functions/lib/index.js\"}"}}
[debug] [2022-02-05T10:03:28.617Z] [runtime-status] [29635] Checked functions.config() {"config":{}} {"metadata":{"emulator":{"name":"functions"},"message":"[runtime-status] [29635] Checked functions.config() {\"config\":{}}"}}
[debug] [2022-02-05T10:03:28.617Z] [runtime-status] [29635] firebase-functions has been stubbed. {"functionsResolution":{"declared":true,"installed":true,"version":"3.17.1","resolution":"/home/yehs1225/ecommerce-full-stack/amazon-clone/functions/node_modules/firebase-functions/lib/index.js"}} {"metadata":{"emulator":{"name":"functions"},"message":"[runtime-status] [29635] firebase-functions has been stubbed. {\"functionsResolution\":{\"declared\":true,\"installed\":true,\"version\":\"3.17.1\",\"resolution\":\"/home/yehs1225/ecommerce-full-stack/amazon-clone/functions/node_modules/firebase-functions/lib/index.js\"}}"}}
[debug] [2022-02-05T10:03:28.617Z] [runtime-status] [29635] Resolved module firebase-functions {"declared":true,"installed":true,"version":"3.17.1","resolution":"/home/yehs1225/ecommerce-full-stack/amazon-clone/functions/node_modules/firebase-functions/lib/index.js"} {"metadata":{"emulator":{"name":"functions"},"message":"[runtime-status] [29635] Resolved module firebase-functions {\"declared\":true,\"installed\":true,\"version\":\"3.17.1\",\"resolution\":\"/home/yehs1225/ecommerce-full-stack/amazon-clone/functions/node_modules/firebase-functions/lib/index.js\"}"}}
[debug] [2022-02-05T10:03:28.618Z] [runtime-status] [29635] Resolved module firebase-admin {"declared":true,"installed":true,"version":"9.12.0","resolution":"/home/yehs1225/ecommerce-full-stack/amazon-clone/functions/node_modules/firebase-admin/lib/index.js"} {"metadata":{"emulator":{"name":"functions"},"message":"[runtime-status] [29635] Resolved module firebase-admin {\"declared\":true,\"installed\":true,\"version\":\"9.12.0\",\"resolution\":\"/home/yehs1225/ecommerce-full-stack/amazon-clone/functions/node_modules/firebase-admin/lib/index.js\"}"}}
[debug] [2022-02-05T10:03:28.618Z] [runtime-status] [29635] Resolved module firebase-functions {"declared":true,"installed":true,"version":"3.17.1","resolution":"/home/yehs1225/ecommerce-full-stack/amazon-clone/functions/node_modules/firebase-functions/lib/index.js"} {"metadata":{"emulator":{"name":"functions"},"message":"[runtime-status] [29635] Resolved module firebase-functions {\"declared\":true,\"installed\":true,\"version\":\"3.17.1\",\"resolution\":\"/home/yehs1225/ecommerce-full-stack/amazon-clone/functions/node_modules/firebase-functions/lib/index.js\"}"}}
[debug] [2022-02-05T10:03:28.618Z] [runtime-status] [29635] firebase-admin has been stubbed. {"adminResolution":{"declared":true,"installed":true,"version":"9.12.0","resolution":"/home/yehs1225/ecommerce-full-stack/amazon-clone/functions/node_modules/firebase-admin/lib/index.js"}} {"metadata":{"emulator":{"name":"functions"},"message":"[runtime-status] [29635] firebase-admin has been stubbed. {\"adminResolution\":{\"declared\":true,\"installed\":true,\"version\":\"9.12.0\",\"resolution\":\"/home/yehs1225/ecommerce-full-stack/amazon-clone/functions/node_modules/firebase-admin/lib/index.js\"}}"}}
[info] ✔  functions[us-central1-api]: http function initialized (http://localhost:5001/challenge-21061/us-central1/api). {"metadata":{"emulator":{"name":"functions"},"message":"\u001b[1mhttp\u001b[22m function initialized (http://localhost:5001/challenge-21061/us-central1/api)."}}
[debug] [2022-02-05T10:03:28.770Z] [worker-~diagnostic~-76843160-aef1-4581-890b-eb53077f913d]: IDLE {"metadata":{"emulator":{"name":"functions"},"message":"[worker-~diagnostic~-76843160-aef1-4581-890b-eb53077f913d]: IDLE"}}
[debug] [2022-02-05T10:03:35.004Z] [work-queue] {"queueLength":1,"workRunningCount":0}
[debug] [2022-02-05T10:03:35.005Z] [work-queue] {"queueLength":0,"workRunningCount":1}
[debug] [2022-02-05T10:03:35.005Z] Accepted request GET /challenge-21061/us-central1/api --> us-central1-api
[debug] [2022-02-05T10:03:35.045Z] [worker-pool] addWorker(us-central1-api) {"metadata":{"emulator":{"name":"functions"},"message":"[worker-pool] addWorker(us-central1-api)"}}
[debug] [2022-02-05T10:03:35.046Z] [worker-pool] Adding worker with key us-central1-api, total=1 {"metadata":{"emulator":{"name":"functions"},"message":"[worker-pool] Adding worker with key us-central1-api, total=1"}}
[debug] [2022-02-05T10:03:35.048Z] [worker-pool] submitWork(triggerId=us-central1-api) {"metadata":{"emulator":{"name":"functions"},"message":"[worker-pool] submitWork(triggerId=us-central1-api)"}}
[debug] [2022-02-05T10:03:35.048Z] [worker-us-central1-api-4f909f20-6b50-484f-b2fb-19bb54ca5418]: Assigning socketPath: /tmp/fire_emu_29693.sock {"metadata":{"emulator":{"name":"functions"},"message":"[worker-us-central1-api-4f909f20-6b50-484f-b2fb-19bb54ca5418]: Assigning socketPath: /tmp/fire_emu_29693.sock"}}
[debug] [2022-02-05T10:03:35.048Z] [worker-us-central1-api-4f909f20-6b50-484f-b2fb-19bb54ca5418]: BUSY {"metadata":{"emulator":{"name":"functions"},"message":"[worker-us-central1-api-4f909f20-6b50-484f-b2fb-19bb54ca5418]: BUSY"}}
[debug] [2022-02-05T10:03:35.416Z] [runtime-status] [29693] Functions runtime initialized. {"cwd":"/home/yehs1225/ecommerce-full-stack/amazon-clone/functions","node_version":"16.13.2"} {"metadata":{"emulator":{"name":"functions"},"function":{"name":"us-central1-api"},"message":"[runtime-status] [29693] Functions runtime initialized. {\"cwd\":\"/home/yehs1225/ecommerce-full-stack/amazon-clone/functions\",\"node_version\":\"16.13.2\"}"}}
[debug] [2022-02-05T10:03:35.423Z] [runtime-status] [29693] Disabled runtime features: undefined {"metadata":{"emulator":{"name":"functions"},"function":{"name":"us-central1-api"},"message":"[runtime-status] [29693] Disabled runtime features: undefined"}}
[debug] [2022-02-05T10:03:35.424Z] [runtime-status] [29693] Resolved module firebase-admin {"declared":true,"installed":true,"version":"9.12.0","resolution":"/home/yehs1225/ecommerce-full-stack/amazon-clone/functions/node_modules/firebase-admin/lib/index.js"} {"metadata":{"emulator":{"name":"functions"},"function":{"name":"us-central1-api"},"message":"[runtime-status] [29693] Resolved module firebase-admin {\"declared\":true,\"installed\":true,\"version\":\"9.12.0\",\"resolution\":\"/home/yehs1225/ecommerce-full-stack/amazon-clone/functions/node_modules/firebase-admin/lib/index.js\"}"}}
[debug] [2022-02-05T10:03:35.444Z] [runtime-status] [29693] Resolved module firebase-functions {"declared":true,"installed":true,"version":"3.17.1","resolution":"/home/yehs1225/ecommerce-full-stack/amazon-clone/functions/node_modules/firebase-functions/lib/index.js"} {"metadata":{"emulator":{"name":"functions"},"function":{"name":"us-central1-api"},"message":"[runtime-status] [29693] Resolved module firebase-functions {\"declared\":true,\"installed\":true,\"version\":\"3.17.1\",\"resolution\":\"/home/yehs1225/ecommerce-full-stack/amazon-clone/functions/node_modules/firebase-functions/lib/index.js\"}"}}
[debug] [2022-02-05T10:03:35.449Z] [runtime-status] [29693] Outgoing network have been stubbed. [{"name":"http","status":"mocked"},{"name":"http","status":"mocked"},{"name":"https","status":"mocked"},{"name":"https","status":"mocked"},{"name":"net","status":"mocked"}] {"metadata":{"emulator":{"name":"functions"},"function":{"name":"us-central1-api"},"message":"[runtime-status] [29693] Outgoing network have been stubbed. [{\"name\":\"http\",\"status\":\"mocked\"},{\"name\":\"http\",\"status\":\"mocked\"},{\"name\":\"https\",\"status\":\"mocked\"},{\"name\":\"https\",\"status\":\"mocked\"},{\"name\":\"net\",\"status\":\"mocked\"}]"}}
[debug] [2022-02-05T10:03:35.450Z] [runtime-status] [29693] Resolved module firebase-functions {"declared":true,"installed":true,"version":"3.17.1","resolution":"/home/yehs1225/ecommerce-full-stack/amazon-clone/functions/node_modules/firebase-functions/lib/index.js"} {"metadata":{"emulator":{"name":"functions"},"function":{"name":"us-central1-api"},"message":"[runtime-status] [29693] Resolved module firebase-functions {\"declared\":true,\"installed\":true,\"version\":\"3.17.1\",\"resolution\":\"/home/yehs1225/ecommerce-full-stack/amazon-clone/functions/node_modules/firebase-functions/lib/index.js\"}"}}
[debug] [2022-02-05T10:03:35.591Z] [runtime-status] [29693] Checked functions.config() {"config":{}} {"metadata":{"emulator":{"name":"functions"},"function":{"name":"us-central1-api"},"message":"[runtime-status] [29693] Checked functions.config() {\"config\":{}}"}}
[debug] [2022-02-05T10:03:35.594Z] [runtime-status] [29693] firebase-functions has been stubbed. {"functionsResolution":{"declared":true,"installed":true,"version":"3.17.1","resolution":"/home/yehs1225/ecommerce-full-stack/amazon-clone/functions/node_modules/firebase-functions/lib/index.js"}} {"metadata":{"emulator":{"name":"functions"},"function":{"name":"us-central1-api"},"message":"[runtime-status] [29693] firebase-functions has been stubbed. {\"functionsResolution\":{\"declared\":true,\"installed\":true,\"version\":\"3.17.1\",\"resolution\":\"/home/yehs1225/ecommerce-full-stack/amazon-clone/functions/node_modules/firebase-functions/lib/index.js\"}}"}}
[debug] [2022-02-05T10:03:35.594Z] [runtime-status] [29693] Resolved module firebase-functions {"declared":true,"installed":true,"version":"3.17.1","resolution":"/home/yehs1225/ecommerce-full-stack/amazon-clone/functions/node_modules/firebase-functions/lib/index.js"} {"metadata":{"emulator":{"name":"functions"},"function":{"name":"us-central1-api"},"message":"[runtime-status] [29693] Resolved module firebase-functions {\"declared\":true,\"installed\":true,\"version\":\"3.17.1\",\"resolution\":\"/home/yehs1225/ecommerce-full-stack/amazon-clone/functions/node_modules/firebase-functions/lib/index.js\"}"}}
[debug] [2022-02-05T10:03:35.628Z] [runtime-status] [29693] Resolved module firebase-admin {"declared":true,"installed":true,"version":"9.12.0","resolution":"/home/yehs1225/ecommerce-full-stack/amazon-clone/functions/node_modules/firebase-admin/lib/index.js"} {"metadata":{"emulator":{"name":"functions"},"function":{"name":"us-central1-api"},"message":"[runtime-status] [29693] Resolved module firebase-admin {\"declared\":true,\"installed\":true,\"version\":\"9.12.0\",\"resolution\":\"/home/yehs1225/ecommerce-full-stack/amazon-clone/functions/node_modules/firebase-admin/lib/index.js\"}"}}
[debug] [2022-02-05T10:03:35.636Z] [runtime-status] [29693] Resolved module firebase-functions {"declared":true,"installed":true,"version":"3.17.1","resolution":"/home/yehs1225/ecommerce-full-stack/amazon-clone/functions/node_modules/firebase-functions/lib/index.js"} {"metadata":{"emulator":{"name":"functions"},"function":{"name":"us-central1-api"},"message":"[runtime-status] [29693] Resolved module firebase-functions {\"declared\":true,\"installed\":true,\"version\":\"3.17.1\",\"resolution\":\"/home/yehs1225/ecommerce-full-stack/amazon-clone/functions/node_modules/firebase-functions/lib/index.js\"}"}}
[debug] [2022-02-05T10:03:35.641Z] [runtime-status] [29693] firebase-admin has been stubbed. {"adminResolution":{"declared":true,"installed":true,"version":"9.12.0","resolution":"/home/yehs1225/ecommerce-full-stack/amazon-clone/functions/node_modules/firebase-admin/lib/index.js"}} {"metadata":{"emulator":{"name":"functions"},"function":{"name":"us-central1-api"},"message":"[runtime-status] [29693] firebase-admin has been stubbed. {\"adminResolution\":{\"declared\":true,\"installed\":true,\"version\":\"9.12.0\",\"resolution\":\"/home/yehs1225/ecommerce-full-stack/amazon-clone/functions/node_modules/firebase-admin/lib/index.js\"}}"}}
[debug] [2022-02-05T10:03:35.981Z] [runtime-status] [29693] Trigger "us-central1-api" has been found, beginning invocation! {"metadata":{"emulator":{"name":"functions"},"function":{"name":"us-central1-api"},"message":"[runtime-status] [29693] Trigger \"us-central1-api\" has been found, beginning invocation!"}}
[info] i  functions: Beginning execution of "us-central1-api" {"metadata":{"emulator":{"name":"functions"},"function":{"name":"us-central1-api"},"message":"Beginning execution of \"us-central1-api\""}}
[debug] [2022-02-05T10:03:35.997Z] [runtime-status] [29693] triggerDefinition {"httpsTrigger":{},"name":"api","entryPoint":"api","regions":["us-central1"],"region":"us-central1","id":"us-central1-api","platform":"gcfv1"} {"metadata":{"emulator":{"name":"functions"},"function":{"name":"us-central1-api"},"message":"[runtime-status] [29693] triggerDefinition {\"httpsTrigger\":{},\"name\":\"api\",\"entryPoint\":\"api\",\"regions\":[\"us-central1\"],\"region\":\"us-central1\",\"id\":\"us-central1-api\",\"platform\":\"gcfv1\"}"}}
[debug] [2022-02-05T10:03:35.998Z] [runtime-status] [29693] Running us-central1-api in signature http {"metadata":{"emulator":{"name":"functions"},"function":{"name":"us-central1-api"},"message":"[runtime-status] [29693] Running us-central1-api in signature http"}}
[debug] [2022-02-05T10:03:35.998Z] [runtime-status] [29693] Attempting to listen to socketPath: /tmp/fire_emu_29693.sock {"metadata":{"emulator":{"name":"functions"},"function":{"name":"us-central1-api"},"message":"[runtime-status] [29693] Attempting to listen to socketPath: /tmp/fire_emu_29693.sock"}}
[debug] [2022-02-05T10:03:36.020Z] [functions] Runtime ready! Sending request! {"metadata":{"emulator":{"name":"functions"},"message":"[functions] Runtime ready! Sending request!"}}
[debug] [2022-02-05T10:03:36.021Z] [functions] Got req.url=/challenge-21061/us-central1/api, mapping to path=/ {"metadata":{"emulator":{"name":"functions"},"message":"[functions] Got req.url=/challenge-21061/us-central1/api, mapping to path=/"}}
[debug] [2022-02-05T10:03:36.060Z] [runtime-status] [29693] Ephemeral server handling GET request {"metadata":{"emulator":{"name":"functions"},"function":{"name":"us-central1-api"},"message":"[runtime-status] [29693] Ephemeral server handling GET request"}}
[debug] [2022-02-05T10:03:36.089Z] [runtime-status] [29693] Ephemeral server survived. {"metadata":{"emulator":{"name":"functions"},"function":{"name":"us-central1-api"},"message":"[runtime-status] [29693] Ephemeral server survived."}}
[info] i  functions: Finished "us-central1-api" in ~1s {"metadata":{"emulator":{"name":"functions"},"function":{"name":"us-central1-api"},"message":"Finished \"us-central1-api\" in ~1s"}}
[debug] [2022-02-05T10:03:36.090Z] [worker-us-central1-api-4f909f20-6b50-484f-b2fb-19bb54ca5418]: IDLE {"metadata":{"emulator":{"name":"functions"},"message":"[worker-us-central1-api-4f909f20-6b50-484f-b2fb-19bb54ca5418]: IDLE"}}
[debug] [2022-02-05T10:03:36.090Z] [work-queue] {"queueLength":0,"workRunningCount":0}
[debug] [2022-02-05T10:03:36.468Z] Functions emulator received unknown request at path /favicon.ico
[debug] [2022-02-05T10:05:37.755Z] File /home/yehs1225/ecommerce-full-stack/amazon-clone/functions/package.json changed, reloading triggers {"metadata":{"emulator":{"name":"functions"},"message":"File /home/yehs1225/ecommerce-full-stack/amazon-clone/functions/package.json changed, reloading triggers"}}
[debug] [2022-02-05T10:05:38.757Z] [worker-pool] Shutting down IDLE worker (~diagnostic~) {"metadata":{"emulator":{"name":"functions"},"message":"[worker-pool] Shutting down IDLE worker (~diagnostic~)"}}
[debug] [2022-02-05T10:05:38.757Z] [worker-~diagnostic~-76843160-aef1-4581-890b-eb53077f913d]: FINISHING {"metadata":{"emulator":{"name":"functions"},"message":"[worker-~diagnostic~-76843160-aef1-4581-890b-eb53077f913d]: FINISHING"}}
[debug] [2022-02-05T10:05:38.757Z] [worker-pool] Shutting down IDLE worker (us-central1-api) {"metadata":{"emulator":{"name":"functions"},"message":"[worker-pool] Shutting down IDLE worker (us-central1-api)"}}
[debug] [2022-02-05T10:05:38.758Z] [worker-us-central1-api-4f909f20-6b50-484f-b2fb-19bb54ca5418]: FINISHING {"metadata":{"emulator":{"name":"functions"},"message":"[worker-us-central1-api-4f909f20-6b50-484f-b2fb-19bb54ca5418]: FINISHING"}}
[debug] [2022-02-05T10:05:38.769Z] [worker-pool] addWorker(~diagnostic~) {"metadata":{"emulator":{"name":"functions"},"message":"[worker-pool] addWorker(~diagnostic~)"}}
[debug] [2022-02-05T10:05:38.769Z] [worker-pool] Adding worker with key ~diagnostic~, total=2 {"metadata":{"emulator":{"name":"functions"},"message":"[worker-pool] Adding worker with key ~diagnostic~, total=2"}}
[debug] [2022-02-05T10:05:38.769Z] [worker-pool] submitWork(triggerId=) {"metadata":{"emulator":{"name":"functions"},"message":"[worker-pool] submitWork(triggerId=)"}}
[debug] [2022-02-05T10:05:38.769Z] [worker-~diagnostic~-a03f3b38-8cf0-4267-a85c-4353a989a244]: Assigning socketPath: /tmp/fire_emu_29995.sock {"metadata":{"emulator":{"name":"functions"},"message":"[worker-~diagnostic~-a03f3b38-8cf0-4267-a85c-4353a989a244]: Assigning socketPath: /tmp/fire_emu_29995.sock"}}
[debug] [2022-02-05T10:05:38.769Z] [worker-~diagnostic~-a03f3b38-8cf0-4267-a85c-4353a989a244]: BUSY {"metadata":{"emulator":{"name":"functions"},"message":"[worker-~diagnostic~-a03f3b38-8cf0-4267-a85c-4353a989a244]: BUSY"}}
[debug] [2022-02-05T10:05:38.771Z] [worker-~diagnostic~-76843160-aef1-4581-890b-eb53077f913d]: exited {"metadata":{"emulator":{"name":"functions"},"message":"[worker-~diagnostic~-76843160-aef1-4581-890b-eb53077f913d]: exited"}}
[debug] [2022-02-05T10:05:38.771Z] [worker-~diagnostic~-76843160-aef1-4581-890b-eb53077f913d]: FINISHED {"metadata":{"emulator":{"name":"functions"},"message":"[worker-~diagnostic~-76843160-aef1-4581-890b-eb53077f913d]: FINISHED"}}
[debug] [2022-02-05T10:05:38.771Z] [worker-us-central1-api-4f909f20-6b50-484f-b2fb-19bb54ca5418]: exited {"metadata":{"emulator":{"name":"functions"},"message":"[worker-us-central1-api-4f909f20-6b50-484f-b2fb-19bb54ca5418]: exited"}}
[debug] [2022-02-05T10:05:38.771Z] [worker-us-central1-api-4f909f20-6b50-484f-b2fb-19bb54ca5418]: FINISHED {"metadata":{"emulator":{"name":"functions"},"message":"[worker-us-central1-api-4f909f20-6b50-484f-b2fb-19bb54ca5418]: FINISHED"}}
[debug] [2022-02-05T10:05:39.004Z] [runtime-status] [29995] Functions runtime initialized. {"cwd":"/home/yehs1225/ecommerce-full-stack/amazon-clone/functions","node_version":"16.13.2"} {"metadata":{"emulator":{"name":"functions"},"message":"[runtime-status] [29995] Functions runtime initialized. {\"cwd\":\"/home/yehs1225/ecommerce-full-stack/amazon-clone/functions\",\"node_version\":\"16.13.2\"}"}}
[debug] [2022-02-05T10:05:39.006Z] [runtime-status] [29995] Disabled runtime features: undefined {"metadata":{"emulator":{"name":"functions"},"message":"[runtime-status] [29995] Disabled runtime features: undefined"}}
[debug] [2022-02-05T10:05:39.009Z] [runtime-status] [29995] Resolved module firebase-admin {"declared":true,"installed":true,"version":"9.12.0","resolution":"/home/yehs1225/ecommerce-full-stack/amazon-clone/functions/node_modules/firebase-admin/lib/index.js"} {"metadata":{"emulator":{"name":"functions"},"message":"[runtime-status] [29995] Resolved module firebase-admin {\"declared\":true,\"installed\":true,\"version\":\"9.12.0\",\"resolution\":\"/home/yehs1225/ecommerce-full-stack/amazon-clone/functions/node_modules/firebase-admin/lib/index.js\"}"}}
[debug] [2022-02-05T10:05:39.017Z] [runtime-status] [29995] Resolved module firebase-functions {"declared":true,"installed":true,"version":"3.17.1","resolution":"/home/yehs1225/ecommerce-full-stack/amazon-clone/functions/node_modules/firebase-functions/lib/index.js"} {"metadata":{"emulator":{"name":"functions"},"message":"[runtime-status] [29995] Resolved module firebase-functions {\"declared\":true,\"installed\":true,\"version\":\"3.17.1\",\"resolution\":\"/home/yehs1225/ecommerce-full-stack/amazon-clone/functions/node_modules/firebase-functions/lib/index.js\"}"}}
[debug] [2022-02-05T10:05:39.020Z] [runtime-status] [29995] Outgoing network have been stubbed. [{"name":"http","status":"mocked"},{"name":"http","status":"mocked"},{"name":"https","status":"mocked"},{"name":"https","status":"mocked"},{"name":"net","status":"mocked"}] {"metadata":{"emulator":{"name":"functions"},"message":"[runtime-status] [29995] Outgoing network have been stubbed. [{\"name\":\"http\",\"status\":\"mocked\"},{\"name\":\"http\",\"status\":\"mocked\"},{\"name\":\"https\",\"status\":\"mocked\"},{\"name\":\"https\",\"status\":\"mocked\"},{\"name\":\"net\",\"status\":\"mocked\"}]"}}
[debug] [2022-02-05T10:05:39.020Z] [runtime-status] [29995] Resolved module firebase-functions {"declared":true,"installed":true,"version":"3.17.1","resolution":"/home/yehs1225/ecommerce-full-stack/amazon-clone/functions/node_modules/firebase-functions/lib/index.js"} {"metadata":{"emulator":{"name":"functions"},"message":"[runtime-status] [29995] Resolved module firebase-functions {\"declared\":true,\"installed\":true,\"version\":\"3.17.1\",\"resolution\":\"/home/yehs1225/ecommerce-full-stack/amazon-clone/functions/node_modules/firebase-functions/lib/index.js\"}"}}
[debug] [2022-02-05T10:05:39.081Z] [runtime-status] [29995] Checked functions.config() {"config":{}} {"metadata":{"emulator":{"name":"functions"},"message":"[runtime-status] [29995] Checked functions.config() {\"config\":{}}"}}
[debug] [2022-02-05T10:05:39.081Z] [runtime-status] [29995] firebase-functions has been stubbed. {"functionsResolution":{"declared":true,"installed":true,"version":"3.17.1","resolution":"/home/yehs1225/ecommerce-full-stack/amazon-clone/functions/node_modules/firebase-functions/lib/index.js"}} {"metadata":{"emulator":{"name":"functions"},"message":"[runtime-status] [29995] firebase-functions has been stubbed. {\"functionsResolution\":{\"declared\":true,\"installed\":true,\"version\":\"3.17.1\",\"resolution\":\"/home/yehs1225/ecommerce-full-stack/amazon-clone/functions/node_modules/firebase-functions/lib/index.js\"}}"}}
[debug] [2022-02-05T10:05:39.083Z] [runtime-status] [29995] Resolved module firebase-functions {"declared":true,"installed":true,"version":"3.17.1","resolution":"/home/yehs1225/ecommerce-full-stack/amazon-clone/functions/node_modules/firebase-functions/lib/index.js"} {"metadata":{"emulator":{"name":"functions"},"message":"[runtime-status] [29995] Resolved module firebase-functions {\"declared\":true,\"installed\":true,\"version\":\"3.17.1\",\"resolution\":\"/home/yehs1225/ecommerce-full-stack/amazon-clone/functions/node_modules/firebase-functions/lib/index.js\"}"}}
[debug] [2022-02-05T10:05:39.085Z] [runtime-status] [29995] Resolved module firebase-admin {"declared":true,"installed":true,"version":"9.12.0","resolution":"/home/yehs1225/ecommerce-full-stack/amazon-clone/functions/node_modules/firebase-admin/lib/index.js"} {"metadata":{"emulator":{"name":"functions"},"message":"[runtime-status] [29995] Resolved module firebase-admin {\"declared\":true,\"installed\":true,\"version\":\"9.12.0\",\"resolution\":\"/home/yehs1225/ecommerce-full-stack/amazon-clone/functions/node_modules/firebase-admin/lib/index.js\"}"}}
[debug] [2022-02-05T10:05:39.086Z] [runtime-status] [29995] Resolved module firebase-functions {"declared":true,"installed":true,"version":"3.17.1","resolution":"/home/yehs1225/ecommerce-full-stack/amazon-clone/functions/node_modules/firebase-functions/lib/index.js"} {"metadata":{"emulator":{"name":"functions"},"message":"[runtime-status] [29995] Resolved module firebase-functions {\"declared\":true,\"installed\":true,\"version\":\"3.17.1\",\"resolution\":\"/home/yehs1225/ecommerce-full-stack/amazon-clone/functions/node_modules/firebase-functions/lib/index.js\"}"}}
[debug] [2022-02-05T10:05:39.086Z] [runtime-status] [29995] firebase-admin has been stubbed. {"adminResolution":{"declared":true,"installed":true,"version":"9.12.0","resolution":"/home/yehs1225/ecommerce-full-stack/amazon-clone/functions/node_modules/firebase-admin/lib/index.js"}} {"metadata":{"emulator":{"name":"functions"},"message":"[runtime-status] [29995] firebase-admin has been stubbed. {\"adminResolution\":{\"declared\":true,\"installed\":true,\"version\":\"9.12.0\",\"resolution\":\"/home/yehs1225/ecommerce-full-stack/amazon-clone/functions/node_modules/firebase-admin/lib/index.js\"}}"}}
[debug] [2022-02-05T10:05:39.173Z] [worker-~diagnostic~-a03f3b38-8cf0-4267-a85c-4353a989a244]: IDLE {"metadata":{"emulator":{"name":"functions"},"message":"[worker-~diagnostic~-a03f3b38-8cf0-4267-a85c-4353a989a244]: IDLE"}}
[debug] [2022-02-05T10:06:38.106Z] File /home/yehs1225/ecommerce-full-stack/amazon-clone/functions/package.json changed, reloading triggers {"metadata":{"emulator":{"name":"functions"},"message":"File /home/yehs1225/ecommerce-full-stack/amazon-clone/functions/package.json changed, reloading triggers"}}
[debug] [2022-02-05T10:06:39.106Z] [worker-pool] Shutting down IDLE worker (~diagnostic~) {"metadata":{"emulator":{"name":"functions"},"message":"[worker-pool] Shutting down IDLE worker (~diagnostic~)"}}
[debug] [2022-02-05T10:06:39.107Z] [worker-~diagnostic~-a03f3b38-8cf0-4267-a85c-4353a989a244]: FINISHING {"metadata":{"emulator":{"name":"functions"},"message":"[worker-~diagnostic~-a03f3b38-8cf0-4267-a85c-4353a989a244]: FINISHING"}}
[debug] [2022-02-05T10:06:39.107Z] [worker-pool] Cleaned up workers for ~diagnostic~: 2 --> 1 {"metadata":{"emulator":{"name":"functions"},"message":"[worker-pool] Cleaned up workers for ~diagnostic~: 2 --> 1"}}
[debug] [2022-02-05T10:06:39.107Z] [worker-pool] Cleaned up workers for us-central1-api: 1 --> 0 {"metadata":{"emulator":{"name":"functions"},"message":"[worker-pool] Cleaned up workers for us-central1-api: 1 --> 0"}}
[debug] [2022-02-05T10:06:39.117Z] [worker-pool] addWorker(~diagnostic~) {"metadata":{"emulator":{"name":"functions"},"message":"[worker-pool] addWorker(~diagnostic~)"}}
[debug] [2022-02-05T10:06:39.121Z] [worker-pool] Adding worker with key ~diagnostic~, total=2 {"metadata":{"emulator":{"name":"functions"},"message":"[worker-pool] Adding worker with key ~diagnostic~, total=2"}}
[debug] [2022-02-05T10:06:39.121Z] [worker-pool] submitWork(triggerId=) {"metadata":{"emulator":{"name":"functions"},"message":"[worker-pool] submitWork(triggerId=)"}}
[debug] [2022-02-05T10:06:39.121Z] [worker-~diagnostic~-2ba21f88-9698-44c5-8290-2e5dba54ba5f]: Assigning socketPath: /tmp/fire_emu_30056.sock {"metadata":{"emulator":{"name":"functions"},"message":"[worker-~diagnostic~-2ba21f88-9698-44c5-8290-2e5dba54ba5f]: Assigning socketPath: /tmp/fire_emu_30056.sock"}}
[debug] [2022-02-05T10:06:39.121Z] [worker-~diagnostic~-2ba21f88-9698-44c5-8290-2e5dba54ba5f]: BUSY {"metadata":{"emulator":{"name":"functions"},"message":"[worker-~diagnostic~-2ba21f88-9698-44c5-8290-2e5dba54ba5f]: BUSY"}}
[debug] [2022-02-05T10:06:39.128Z] [worker-~diagnostic~-a03f3b38-8cf0-4267-a85c-4353a989a244]: exited {"metadata":{"emulator":{"name":"functions"},"message":"[worker-~diagnostic~-a03f3b38-8cf0-4267-a85c-4353a989a244]: exited"}}
[debug] [2022-02-05T10:06:39.128Z] [worker-~diagnostic~-a03f3b38-8cf0-4267-a85c-4353a989a244]: FINISHED {"metadata":{"emulator":{"name":"functions"},"message":"[worker-~diagnostic~-a03f3b38-8cf0-4267-a85c-4353a989a244]: FINISHED"}}
[debug] [2022-02-05T10:06:39.395Z] [runtime-status] [30056] Functions runtime initialized. {"cwd":"/home/yehs1225/ecommerce-full-stack/amazon-clone/functions","node_version":"16.13.2"} {"metadata":{"emulator":{"name":"functions"},"message":"[runtime-status] [30056] Functions runtime initialized. {\"cwd\":\"/home/yehs1225/ecommerce-full-stack/amazon-clone/functions\",\"node_version\":\"16.13.2\"}"}}
[debug] [2022-02-05T10:06:39.400Z] [runtime-status] [30056] Disabled runtime features: undefined {"metadata":{"emulator":{"name":"functions"},"message":"[runtime-status] [30056] Disabled runtime features: undefined"}}
[debug] [2022-02-05T10:06:39.407Z] [runtime-status] [30056] Resolved module firebase-admin {"declared":true,"installed":true,"version":"9.12.0","resolution":"/home/yehs1225/ecommerce-full-stack/amazon-clone/functions/node_modules/firebase-admin/lib/index.js"} {"metadata":{"emulator":{"name":"functions"},"message":"[runtime-status] [30056] Resolved module firebase-admin {\"declared\":true,\"installed\":true,\"version\":\"9.12.0\",\"resolution\":\"/home/yehs1225/ecommerce-full-stack/amazon-clone/functions/node_modules/firebase-admin/lib/index.js\"}"}}
[debug] [2022-02-05T10:06:39.413Z] [runtime-status] [30056] Resolved module firebase-functions {"declared":true,"installed":true,"version":"3.17.1","resolution":"/home/yehs1225/ecommerce-full-stack/amazon-clone/functions/node_modules/firebase-functions/lib/index.js"} {"metadata":{"emulator":{"name":"functions"},"message":"[runtime-status] [30056] Resolved module firebase-functions {\"declared\":true,\"installed\":true,\"version\":\"3.17.1\",\"resolution\":\"/home/yehs1225/ecommerce-full-stack/amazon-clone/functions/node_modules/firebase-functions/lib/index.js\"}"}}
[debug] [2022-02-05T10:06:39.416Z] [runtime-status] [30056] Outgoing network have been stubbed. [{"name":"http","status":"mocked"},{"name":"http","status":"mocked"},{"name":"https","status":"mocked"},{"name":"https","status":"mocked"},{"name":"net","status":"mocked"}] {"metadata":{"emulator":{"name":"functions"},"message":"[runtime-status] [30056] Outgoing network have been stubbed. [{\"name\":\"http\",\"status\":\"mocked\"},{\"name\":\"http\",\"status\":\"mocked\"},{\"name\":\"https\",\"status\":\"mocked\"},{\"name\":\"https\",\"status\":\"mocked\"},{\"name\":\"net\",\"status\":\"mocked\"}]"}}
[debug] [2022-02-05T10:06:39.419Z] [runtime-status] [30056] Resolved module firebase-functions {"declared":true,"installed":true,"version":"3.17.1","resolution":"/home/yehs1225/ecommerce-full-stack/amazon-clone/functions/node_modules/firebase-functions/lib/index.js"} {"metadata":{"emulator":{"name":"functions"},"message":"[runtime-status] [30056] Resolved module firebase-functions {\"declared\":true,\"installed\":true,\"version\":\"3.17.1\",\"resolution\":\"/home/yehs1225/ecommerce-full-stack/amazon-clone/functions/node_modules/firebase-functions/lib/index.js\"}"}}
[debug] [2022-02-05T10:06:39.497Z] [runtime-status] [30056] Checked functions.config() {"config":{}} {"metadata":{"emulator":{"name":"functions"},"message":"[runtime-status] [30056] Checked functions.config() {\"config\":{}}"}}
[debug] [2022-02-05T10:06:39.497Z] [runtime-status] [30056] firebase-functions has been stubbed. {"functionsResolution":{"declared":true,"installed":true,"version":"3.17.1","resolution":"/home/yehs1225/ecommerce-full-stack/amazon-clone/functions/node_modules/firebase-functions/lib/index.js"}} {"metadata":{"emulator":{"name":"functions"},"message":"[runtime-status] [30056] firebase-functions has been stubbed. {\"functionsResolution\":{\"declared\":true,\"installed\":true,\"version\":\"3.17.1\",\"resolution\":\"/home/yehs1225/ecommerce-full-stack/amazon-clone/functions/node_modules/firebase-functions/lib/index.js\"}}"}}
[debug] [2022-02-05T10:06:39.503Z] [runtime-status] [30056] Resolved module firebase-functions {"declared":true,"installed":true,"version":"3.17.1","resolution":"/home/yehs1225/ecommerce-full-stack/amazon-clone/functions/node_modules/firebase-functions/lib/index.js"} {"metadata":{"emulator":{"name":"functions"},"message":"[runtime-status] [30056] Resolved module firebase-functions {\"declared\":true,\"installed\":true,\"version\":\"3.17.1\",\"resolution\":\"/home/yehs1225/ecommerce-full-stack/amazon-clone/functions/node_modules/firebase-functions/lib/index.js\"}"}}
[debug] [2022-02-05T10:06:39.504Z] [runtime-status] [30056] Resolved module firebase-admin {"declared":true,"installed":true,"version":"9.12.0","resolution":"/home/yehs1225/ecommerce-full-stack/amazon-clone/functions/node_modules/firebase-admin/lib/index.js"} {"metadata":{"emulator":{"name":"functions"},"message":"[runtime-status] [30056] Resolved module firebase-admin {\"declared\":true,\"installed\":true,\"version\":\"9.12.0\",\"resolution\":\"/home/yehs1225/ecommerce-full-stack/amazon-clone/functions/node_modules/firebase-admin/lib/index.js\"}"}}
[debug] [2022-02-05T10:06:39.504Z] [runtime-status] [30056] Resolved module firebase-functions {"declared":true,"installed":true,"version":"3.17.1","resolution":"/home/yehs1225/ecommerce-full-stack/amazon-clone/functions/node_modules/firebase-functions/lib/index.js"} {"metadata":{"emulator":{"name":"functions"},"message":"[runtime-status] [30056] Resolved module firebase-functions {\"declared\":true,\"installed\":true,\"version\":\"3.17.1\",\"resolution\":\"/home/yehs1225/ecommerce-full-stack/amazon-clone/functions/node_modules/firebase-functions/lib/index.js\"}"}}
[debug] [2022-02-05T10:06:39.504Z] [runtime-status] [30056] firebase-admin has been stubbed. {"adminResolution":{"declared":true,"installed":true,"version":"9.12.0","resolution":"/home/yehs1225/ecommerce-full-stack/amazon-clone/functions/node_modules/firebase-admin/lib/index.js"}} {"metadata":{"emulator":{"name":"functions"},"message":"[runtime-status] [30056] firebase-admin has been stubbed. {\"adminResolution\":{\"declared\":true,\"installed\":true,\"version\":\"9.12.0\",\"resolution\":\"/home/yehs1225/ecommerce-full-stack/amazon-clone/functions/node_modules/firebase-admin/lib/index.js\"}}"}}
[debug] [2022-02-05T10:06:39.585Z] [worker-~diagnostic~-2ba21f88-9698-44c5-8290-2e5dba54ba5f]: IDLE {"metadata":{"emulator":{"name":"functions"},"message":"[worker-~diagnostic~-2ba21f88-9698-44c5-8290-2e5dba54ba5f]: IDLE"}}
[debug] [2022-02-05T10:06:39.917Z] File /home/yehs1225/ecommerce-full-stack/amazon-clone/functions/index.js changed, reloading triggers {"metadata":{"emulator":{"name":"functions"},"message":"File /home/yehs1225/ecommerce-full-stack/amazon-clone/functions/index.js changed, reloading triggers"}}
[debug] [2022-02-05T10:06:40.918Z] [worker-pool] Shutting down IDLE worker (~diagnostic~) {"metadata":{"emulator":{"name":"functions"},"message":"[worker-pool] Shutting down IDLE worker (~diagnostic~)"}}
[debug] [2022-02-05T10:06:40.918Z] [worker-~diagnostic~-2ba21f88-9698-44c5-8290-2e5dba54ba5f]: FINISHING {"metadata":{"emulator":{"name":"functions"},"message":"[worker-~diagnostic~-2ba21f88-9698-44c5-8290-2e5dba54ba5f]: FINISHING"}}
[debug] [2022-02-05T10:06:40.920Z] [worker-pool] Cleaned up workers for ~diagnostic~: 2 --> 1 {"metadata":{"emulator":{"name":"functions"},"message":"[worker-pool] Cleaned up workers for ~diagnostic~: 2 --> 1"}}
[debug] [2022-02-05T10:06:40.928Z] [worker-pool] addWorker(~diagnostic~) {"metadata":{"emulator":{"name":"functions"},"message":"[worker-pool] addWorker(~diagnostic~)"}}
[debug] [2022-02-05T10:06:40.929Z] [worker-pool] Adding worker with key ~diagnostic~, total=2 {"metadata":{"emulator":{"name":"functions"},"message":"[worker-pool] Adding worker with key ~diagnostic~, total=2"}}
[debug] [2022-02-05T10:06:40.930Z] [worker-pool] submitWork(triggerId=) {"metadata":{"emulator":{"name":"functions"},"message":"[worker-pool] submitWork(triggerId=)"}}
[debug] [2022-02-05T10:06:40.931Z] [worker-~diagnostic~-a1b1ddd6-8396-4fbf-96c7-061f8dd5f517]: Assigning socketPath: /tmp/fire_emu_30071.sock {"metadata":{"emulator":{"name":"functions"},"message":"[worker-~diagnostic~-a1b1ddd6-8396-4fbf-96c7-061f8dd5f517]: Assigning socketPath: /tmp/fire_emu_30071.sock"}}
[debug] [2022-02-05T10:06:40.931Z] [worker-~diagnostic~-a1b1ddd6-8396-4fbf-96c7-061f8dd5f517]: BUSY {"metadata":{"emulator":{"name":"functions"},"message":"[worker-~diagnostic~-a1b1ddd6-8396-4fbf-96c7-061f8dd5f517]: BUSY"}}
[debug] [2022-02-05T10:06:40.933Z] [worker-~diagnostic~-2ba21f88-9698-44c5-8290-2e5dba54ba5f]: exited {"metadata":{"emulator":{"name":"functions"},"message":"[worker-~diagnostic~-2ba21f88-9698-44c5-8290-2e5dba54ba5f]: exited"}}
[debug] [2022-02-05T10:06:40.934Z] [worker-~diagnostic~-2ba21f88-9698-44c5-8290-2e5dba54ba5f]: FINISHED {"metadata":{"emulator":{"name":"functions"},"message":"[worker-~diagnostic~-2ba21f88-9698-44c5-8290-2e5dba54ba5f]: FINISHED"}}
[debug] [2022-02-05T10:06:41.102Z] [runtime-status] [30071] Functions runtime initialized. {"cwd":"/home/yehs1225/ecommerce-full-stack/amazon-clone/functions","node_version":"16.13.2"} {"metadata":{"emulator":{"name":"functions"},"message":"[runtime-status] [30071] Functions runtime initialized. {\"cwd\":\"/home/yehs1225/ecommerce-full-stack/amazon-clone/functions\",\"node_version\":\"16.13.2\"}"}}
[debug] [2022-02-05T10:06:41.104Z] [runtime-status] [30071] Disabled runtime features: undefined {"metadata":{"emulator":{"name":"functions"},"message":"[runtime-status] [30071] Disabled runtime features: undefined"}}
[debug] [2022-02-05T10:06:41.106Z] [runtime-status] [30071] Resolved module firebase-admin {"declared":true,"installed":true,"version":"9.12.0","resolution":"/home/yehs1225/ecommerce-full-stack/amazon-clone/functions/node_modules/firebase-admin/lib/index.js"} {"metadata":{"emulator":{"name":"functions"},"message":"[runtime-status] [30071] Resolved module firebase-admin {\"declared\":true,\"installed\":true,\"version\":\"9.12.0\",\"resolution\":\"/home/yehs1225/ecommerce-full-stack/amazon-clone/functions/node_modules/firebase-admin/lib/index.js\"}"}}
[debug] [2022-02-05T10:06:41.112Z] [runtime-status] [30071] Resolved module firebase-functions {"declared":true,"installed":true,"version":"3.17.1","resolution":"/home/yehs1225/ecommerce-full-stack/amazon-clone/functions/node_modules/firebase-functions/lib/index.js"} {"metadata":{"emulator":{"name":"functions"},"message":"[runtime-status] [30071] Resolved module firebase-functions {\"declared\":true,\"installed\":true,\"version\":\"3.17.1\",\"resolution\":\"/home/yehs1225/ecommerce-full-stack/amazon-clone/functions/node_modules/firebase-functions/lib/index.js\"}"}}
[debug] [2022-02-05T10:06:41.113Z] [runtime-status] [30071] Outgoing network have been stubbed. [{"name":"http","status":"mocked"},{"name":"http","status":"mocked"},{"name":"https","status":"mocked"},{"name":"https","status":"mocked"},{"name":"net","status":"mocked"}] {"metadata":{"emulator":{"name":"functions"},"message":"[runtime-status] [30071] Outgoing network have been stubbed. [{\"name\":\"http\",\"status\":\"mocked\"},{\"name\":\"http\",\"status\":\"mocked\"},{\"name\":\"https\",\"status\":\"mocked\"},{\"name\":\"https\",\"status\":\"mocked\"},{\"name\":\"net\",\"status\":\"mocked\"}]"}}
[debug] [2022-02-05T10:06:41.115Z] [runtime-status] [30071] Resolved module firebase-functions {"declared":true,"installed":true,"version":"3.17.1","resolution":"/home/yehs1225/ecommerce-full-stack/amazon-clone/functions/node_modules/firebase-functions/lib/index.js"} {"metadata":{"emulator":{"name":"functions"},"message":"[runtime-status] [30071] Resolved module firebase-functions {\"declared\":true,\"installed\":true,\"version\":\"3.17.1\",\"resolution\":\"/home/yehs1225/ecommerce-full-stack/amazon-clone/functions/node_modules/firebase-functions/lib/index.js\"}"}}
[debug] [2022-02-05T10:06:41.177Z] [runtime-status] [30071] Checked functions.config() {"config":{}} {"metadata":{"emulator":{"name":"functions"},"message":"[runtime-status] [30071] Checked functions.config() {\"config\":{}}"}}
[debug] [2022-02-05T10:06:41.178Z] [runtime-status] [30071] firebase-functions has been stubbed. {"functionsResolution":{"declared":true,"installed":true,"version":"3.17.1","resolution":"/home/yehs1225/ecommerce-full-stack/amazon-clone/functions/node_modules/firebase-functions/lib/index.js"}} {"metadata":{"emulator":{"name":"functions"},"message":"[runtime-status] [30071] firebase-functions has been stubbed. {\"functionsResolution\":{\"declared\":true,\"installed\":true,\"version\":\"3.17.1\",\"resolution\":\"/home/yehs1225/ecommerce-full-stack/amazon-clone/functions/node_modules/firebase-functions/lib/index.js\"}}"}}
[debug] [2022-02-05T10:06:41.182Z] [runtime-status] [30071] Resolved module firebase-functions {"declared":true,"installed":true,"version":"3.17.1","resolution":"/home/yehs1225/ecommerce-full-stack/amazon-clone/functions/node_modules/firebase-functions/lib/index.js"} {"metadata":{"emulator":{"name":"functions"},"message":"[runtime-status] [30071] Resolved module firebase-functions {\"declared\":true,\"installed\":true,\"version\":\"3.17.1\",\"resolution\":\"/home/yehs1225/ecommerce-full-stack/amazon-clone/functions/node_modules/firebase-functions/lib/index.js\"}"}}
[debug] [2022-02-05T10:06:41.185Z] [runtime-status] [30071] Resolved module firebase-admin {"declared":true,"installed":true,"version":"9.12.0","resolution":"/home/yehs1225/ecommerce-full-stack/amazon-clone/functions/node_modules/firebase-admin/lib/index.js"} {"metadata":{"emulator":{"name":"functions"},"message":"[runtime-status] [30071] Resolved module firebase-admin {\"declared\":true,\"installed\":true,\"version\":\"9.12.0\",\"resolution\":\"/home/yehs1225/ecommerce-full-stack/amazon-clone/functions/node_modules/firebase-admin/lib/index.js\"}"}}
[debug] [2022-02-05T10:06:41.189Z] [runtime-status] [30071] Resolved module firebase-functions {"declared":true,"installed":true,"version":"3.17.1","resolution":"/home/yehs1225/ecommerce-full-stack/amazon-clone/functions/node_modules/firebase-functions/lib/index.js"} {"metadata":{"emulator":{"name":"functions"},"message":"[runtime-status] [30071] Resolved module firebase-functions {\"declared\":true,\"installed\":true,\"version\":\"3.17.1\",\"resolution\":\"/home/yehs1225/ecommerce-full-stack/amazon-clone/functions/node_modules/firebase-functions/lib/index.js\"}"}}
[debug] [2022-02-05T10:06:41.189Z] [runtime-status] [30071] firebase-admin has been stubbed. {"adminResolution":{"declared":true,"installed":true,"version":"9.12.0","resolution":"/home/yehs1225/ecommerce-full-stack/amazon-clone/functions/node_modules/firebase-admin/lib/index.js"}} {"metadata":{"emulator":{"name":"functions"},"message":"[runtime-status] [30071] firebase-admin has been stubbed. {\"adminResolution\":{\"declared\":true,\"installed\":true,\"version\":\"9.12.0\",\"resolution\":\"/home/yehs1225/ecommerce-full-stack/amazon-clone/functions/node_modules/firebase-admin/lib/index.js\"}}"}}
[warn] ⚠  Error: Cannot find module 'stripe'
Require stack:
- /home/yehs1225/ecommerce-full-stack/amazon-clone/functions/index.js
- /usr/lib/node_modules/firebase-tools/lib/emulator/functionsEmulatorRuntime.js
    at Function.Module._resolveFilename (node:internal/modules/cjs/loader:933:15)
    at Function.Module._load (node:internal/modules/cjs/loader:778:27)
    at Module.require (node:internal/modules/cjs/loader:1005:19)
    at require (node:internal/modules/cjs/helpers:102:18)
    at Object.<anonymous> (/home/yehs1225/ecommerce-full-stack/amazon-clone/functions/index.js:5:16)
    at Module._compile (node:internal/modules/cjs/loader:1101:14)
    at Object.Module._extensions..js (node:internal/modules/cjs/loader:1153:10)
    at Module.load (node:internal/modules/cjs/loader:981:32)
    at Function.Module._load (node:internal/modules/cjs/loader:822:12)
    at Module.require (node:internal/modules/cjs/loader:1005:19) {"metadata":{"emulator":{"name":"functions"},"message":"Error: Cannot find module 'stripe'\nRequire stack:\n- /home/yehs1225/ecommerce-full-stack/amazon-clone/functions/index.js\n- /usr/lib/node_modules/firebase-tools/lib/emulator/functionsEmulatorRuntime.js\n    at Function.Module._resolveFilename (node:internal/modules/cjs/loader:933:15)\n    at Function.Module._load (node:internal/modules/cjs/loader:778:27)\n    at Module.require (node:internal/modules/cjs/loader:1005:19)\n    at require (node:internal/modules/cjs/helpers:102:18)\n    at Object.<anonymous> (/home/yehs1225/ecommerce-full-stack/amazon-clone/functions/index.js:5:16)\n    at Module._compile (node:internal/modules/cjs/loader:1101:14)\n    at Object.Module._extensions..js (node:internal/modules/cjs/loader:1153:10)\n    at Module.load (node:internal/modules/cjs/loader:981:32)\n    at Function.Module._load (node:internal/modules/cjs/loader:822:12)\n    at Module.require (node:internal/modules/cjs/loader:1005:19)"}}
[warn] ⚠  We were unable to load your functions code. (see above) {"metadata":{"emulator":{"name":"functions"}}}
[debug] [2022-02-05T10:06:41.300Z] [worker-~diagnostic~-a1b1ddd6-8396-4fbf-96c7-061f8dd5f517]: exited {"metadata":{"emulator":{"name":"functions"},"message":"[worker-~diagnostic~-a1b1ddd6-8396-4fbf-96c7-061f8dd5f517]: exited"}}
[debug] [2022-02-05T10:06:41.301Z] [worker-~diagnostic~-a1b1ddd6-8396-4fbf-96c7-061f8dd5f517]: FINISHED {"metadata":{"emulator":{"name":"functions"},"message":"[worker-~diagnostic~-a1b1ddd6-8396-4fbf-96c7-061f8dd5f517]: FINISHED"}}
[debug] [2022-02-05T10:14:15.261Z] File /home/yehs1225/ecommerce-full-stack/amazon-clone/functions/package.json changed, reloading triggers {"metadata":{"emulator":{"name":"functions"},"message":"File /home/yehs1225/ecommerce-full-stack/amazon-clone/functions/package.json changed, reloading triggers"}}
[debug] [2022-02-05T10:14:16.262Z] [worker-pool] Cleaned up workers for ~diagnostic~: 2 --> 0 {"metadata":{"emulator":{"name":"functions"},"message":"[worker-pool] Cleaned up workers for ~diagnostic~: 2 --> 0"}}
[debug] [2022-02-05T10:14:16.269Z] [worker-pool] addWorker(~diagnostic~) {"metadata":{"emulator":{"name":"functions"},"message":"[worker-pool] addWorker(~diagnostic~)"}}
[debug] [2022-02-05T10:14:16.269Z] [worker-pool] Adding worker with key ~diagnostic~, total=1 {"metadata":{"emulator":{"name":"functions"},"message":"[worker-pool] Adding worker with key ~diagnostic~, total=1"}}
[debug] [2022-02-05T10:14:16.270Z] [worker-pool] submitWork(triggerId=) {"metadata":{"emulator":{"name":"functions"},"message":"[worker-pool] submitWork(triggerId=)"}}
[debug] [2022-02-05T10:14:16.270Z] [worker-~diagnostic~-982997fd-ca80-48fa-9692-515844e4a982]: Assigning socketPath: /tmp/fire_emu_30691.sock {"metadata":{"emulator":{"name":"functions"},"message":"[worker-~diagnostic~-982997fd-ca80-48fa-9692-515844e4a982]: Assigning socketPath: /tmp/fire_emu_30691.sock"}}
[debug] [2022-02-05T10:14:16.270Z] [worker-~diagnostic~-982997fd-ca80-48fa-9692-515844e4a982]: BUSY {"metadata":{"emulator":{"name":"functions"},"message":"[worker-~diagnostic~-982997fd-ca80-48fa-9692-515844e4a982]: BUSY"}}
[debug] [2022-02-05T10:14:16.432Z] [runtime-status] [30691] Functions runtime initialized. {"cwd":"/home/yehs1225/ecommerce-full-stack/amazon-clone/functions","node_version":"16.13.2"} {"metadata":{"emulator":{"name":"functions"},"message":"[runtime-status] [30691] Functions runtime initialized. {\"cwd\":\"/home/yehs1225/ecommerce-full-stack/amazon-clone/functions\",\"node_version\":\"16.13.2\"}"}}
[debug] [2022-02-05T10:14:16.434Z] [runtime-status] [30691] Disabled runtime features: undefined {"metadata":{"emulator":{"name":"functions"},"message":"[runtime-status] [30691] Disabled runtime features: undefined"}}
[debug] [2022-02-05T10:14:16.436Z] [runtime-status] [30691] Resolved module firebase-admin {"declared":true,"installed":true,"version":"9.12.0","resolution":"/home/yehs1225/ecommerce-full-stack/amazon-clone/functions/node_modules/firebase-admin/lib/index.js"} {"metadata":{"emulator":{"name":"functions"},"message":"[runtime-status] [30691] Resolved module firebase-admin {\"declared\":true,\"installed\":true,\"version\":\"9.12.0\",\"resolution\":\"/home/yehs1225/ecommerce-full-stack/amazon-clone/functions/node_modules/firebase-admin/lib/index.js\"}"}}
[debug] [2022-02-05T10:14:16.439Z] [runtime-status] [30691] Resolved module firebase-functions {"declared":true,"installed":true,"version":"3.17.1","resolution":"/home/yehs1225/ecommerce-full-stack/amazon-clone/functions/node_modules/firebase-functions/lib/index.js"} {"metadata":{"emulator":{"name":"functions"},"message":"[runtime-status] [30691] Resolved module firebase-functions {\"declared\":true,\"installed\":true,\"version\":\"3.17.1\",\"resolution\":\"/home/yehs1225/ecommerce-full-stack/amazon-clone/functions/node_modules/firebase-functions/lib/index.js\"}"}}
[debug] [2022-02-05T10:14:16.441Z] [runtime-status] [30691] Outgoing network have been stubbed. [{"name":"http","status":"mocked"},{"name":"http","status":"mocked"},{"name":"https","status":"mocked"},{"name":"https","status":"mocked"},{"name":"net","status":"mocked"}] {"metadata":{"emulator":{"name":"functions"},"message":"[runtime-status] [30691] Outgoing network have been stubbed. [{\"name\":\"http\",\"status\":\"mocked\"},{\"name\":\"http\",\"status\":\"mocked\"},{\"name\":\"https\",\"status\":\"mocked\"},{\"name\":\"https\",\"status\":\"mocked\"},{\"name\":\"net\",\"status\":\"mocked\"}]"}}
[debug] [2022-02-05T10:14:16.442Z] [runtime-status] [30691] Resolved module firebase-functions {"declared":true,"installed":true,"version":"3.17.1","resolution":"/home/yehs1225/ecommerce-full-stack/amazon-clone/functions/node_modules/firebase-functions/lib/index.js"} {"metadata":{"emulator":{"name":"functions"},"message":"[runtime-status] [30691] Resolved module firebase-functions {\"declared\":true,\"installed\":true,\"version\":\"3.17.1\",\"resolution\":\"/home/yehs1225/ecommerce-full-stack/amazon-clone/functions/node_modules/firebase-functions/lib/index.js\"}"}}
[debug] [2022-02-05T10:14:16.488Z] [runtime-status] [30691] Checked functions.config() {"config":{}} {"metadata":{"emulator":{"name":"functions"},"message":"[runtime-status] [30691] Checked functions.config() {\"config\":{}}"}}
[debug] [2022-02-05T10:14:16.488Z] [runtime-status] [30691] firebase-functions has been stubbed. {"functionsResolution":{"declared":true,"installed":true,"version":"3.17.1","resolution":"/home/yehs1225/ecommerce-full-stack/amazon-clone/functions/node_modules/firebase-functions/lib/index.js"}} {"metadata":{"emulator":{"name":"functions"},"message":"[runtime-status] [30691] firebase-functions has been stubbed. {\"functionsResolution\":{\"declared\":true,\"installed\":true,\"version\":\"3.17.1\",\"resolution\":\"/home/yehs1225/ecommerce-full-stack/amazon-clone/functions/node_modules/firebase-functions/lib/index.js\"}}"}}
[debug] [2022-02-05T10:14:16.499Z] [runtime-status] [30691] Resolved module firebase-functions {"declared":true,"installed":true,"version":"3.17.1","resolution":"/home/yehs1225/ecommerce-full-stack/amazon-clone/functions/node_modules/firebase-functions/lib/index.js"} {"metadata":{"emulator":{"name":"functions"},"message":"[runtime-status] [30691] Resolved module firebase-functions {\"declared\":true,\"installed\":true,\"version\":\"3.17.1\",\"resolution\":\"/home/yehs1225/ecommerce-full-stack/amazon-clone/functions/node_modules/firebase-functions/lib/index.js\"}"}}
[debug] [2022-02-05T10:14:16.500Z] [runtime-status] [30691] Resolved module firebase-admin {"declared":true,"installed":true,"version":"9.12.0","resolution":"/home/yehs1225/ecommerce-full-stack/amazon-clone/functions/node_modules/firebase-admin/lib/index.js"} {"metadata":{"emulator":{"name":"functions"},"message":"[runtime-status] [30691] Resolved module firebase-admin {\"declared\":true,\"installed\":true,\"version\":\"9.12.0\",\"resolution\":\"/home/yehs1225/ecommerce-full-stack/amazon-clone/functions/node_modules/firebase-admin/lib/index.js\"}"}}
[debug] [2022-02-05T10:14:16.500Z] [runtime-status] [30691] Resolved module firebase-functions {"declared":true,"installed":true,"version":"3.17.1","resolution":"/home/yehs1225/ecommerce-full-stack/amazon-clone/functions/node_modules/firebase-functions/lib/index.js"} {"metadata":{"emulator":{"name":"functions"},"message":"[runtime-status] [30691] Resolved module firebase-functions {\"declared\":true,\"installed\":true,\"version\":\"3.17.1\",\"resolution\":\"/home/yehs1225/ecommerce-full-stack/amazon-clone/functions/node_modules/firebase-functions/lib/index.js\"}"}}
[debug] [2022-02-05T10:14:16.500Z] [runtime-status] [30691] firebase-admin has been stubbed. {"adminResolution":{"declared":true,"installed":true,"version":"9.12.0","resolution":"/home/yehs1225/ecommerce-full-stack/amazon-clone/functions/node_modules/firebase-admin/lib/index.js"}} {"metadata":{"emulator":{"name":"functions"},"message":"[runtime-status] [30691] firebase-admin has been stubbed. {\"adminResolution\":{\"declared\":true,\"installed\":true,\"version\":\"9.12.0\",\"resolution\":\"/home/yehs1225/ecommerce-full-stack/amazon-clone/functions/node_modules/firebase-admin/lib/index.js\"}}"}}
[warn] ⚠  Error: Cannot find module 'stripe'
Require stack:
- /home/yehs1225/ecommerce-full-stack/amazon-clone/functions/index.js
- /usr/lib/node_modules/firebase-tools/lib/emulator/functionsEmulatorRuntime.js
    at Function.Module._resolveFilename (node:internal/modules/cjs/loader:933:15)
    at Function.Module._load (node:internal/modules/cjs/loader:778:27)
    at Module.require (node:internal/modules/cjs/loader:1005:19)
    at require (node:internal/modules/cjs/helpers:102:18)
    at Object.<anonymous> (/home/yehs1225/ecommerce-full-stack/amazon-clone/functions/index.js:5:16)
    at Module._compile (node:internal/modules/cjs/loader:1101:14)
    at Object.Module._extensions..js (node:internal/modules/cjs/loader:1153:10)
    at Module.load (node:internal/modules/cjs/loader:981:32)
    at Function.Module._load (node:internal/modules/cjs/loader:822:12)
    at Module.require (node:internal/modules/cjs/loader:1005:19) {"metadata":{"emulator":{"name":"functions"},"message":"Error: Cannot find module 'stripe'\nRequire stack:\n- /home/yehs1225/ecommerce-full-stack/amazon-clone/functions/index.js\n- /usr/lib/node_modules/firebase-tools/lib/emulator/functionsEmulatorRuntime.js\n    at Function.Module._resolveFilename (node:internal/modules/cjs/loader:933:15)\n    at Function.Module._load (node:internal/modules/cjs/loader:778:27)\n    at Module.require (node:internal/modules/cjs/loader:1005:19)\n    at require (node:internal/modules/cjs/helpers:102:18)\n    at Object.<anonymous> (/home/yehs1225/ecommerce-full-stack/amazon-clone/functions/index.js:5:16)\n    at Module._compile (node:internal/modules/cjs/loader:1101:14)\n    at Object.Module._extensions..js (node:internal/modules/cjs/loader:1153:10)\n    at Module.load (node:internal/modules/cjs/loader:981:32)\n    at Function.Module._load (node:internal/modules/cjs/loader:822:12)\n    at Module.require (node:internal/modules/cjs/loader:1005:19)"}}
[warn] ⚠  We were unable to load your functions code. (see above) {"metadata":{"emulator":{"name":"functions"}}}
[debug] [2022-02-05T10:14:16.593Z] [worker-~diagnostic~-982997fd-ca80-48fa-9692-515844e4a982]: exited {"metadata":{"emulator":{"name":"functions"},"message":"[worker-~diagnostic~-982997fd-ca80-48fa-9692-515844e4a982]: exited"}}
[debug] [2022-02-05T10:14:16.593Z] [worker-~diagnostic~-982997fd-ca80-48fa-9692-515844e4a982]: FINISHED {"metadata":{"emulator":{"name":"functions"},"message":"[worker-~diagnostic~-982997fd-ca80-48fa-9692-515844e4a982]: FINISHED"}}
